<?xml version="1.0" encoding="UTF-8" ?>
<testsuites name="vitest tests" tests="544" failures="18" errors="0" time="34.1089271">
    <testsuite name="test/integration/close-confirmation.test.tsx" timestamp="2025-12-21T04:38:38.667Z" hostname="dave" tests="1" failures="1" errors="0" skipped="0" time="0">
        <testcase classname="test/integration/close-confirmation.test.tsx" name="test/integration/close-confirmation.test.tsx" time="0">
            <failure message="Failed to resolve import &quot;@tauri-apps/api/app&quot; from &quot;src/components/CursorCustomization/InfoSection.tsx&quot;. Does the file exist?" type="Error">
Error: Failed to resolve import &quot;@tauri-apps/api/app&quot; from &quot;src/components/CursorCustomization/InfoSection.tsx&quot;. Does the file exist?
  Plugin: vite:import-analysis
  File: C:/Files/GitHub/cursor-changer/frontend-vite/src/components/CursorCustomization/InfoSection.tsx:22:44
  15 |          (async ()=&gt;{
  16 |              try {
  17 |                  const { getVersion } = await import(&apos;@tauri-apps/api/app&apos;);
     |                                                         ^
  18 |                  const v = await getVersion();
  19 |                  setVersion(v);
 ❯ TransformPluginContext._formatLog node_modules/vite/dist/node/chunks/config.js:28998:43
 ❯ TransformPluginContext.error node_modules/vite/dist/node/chunks/config.js:28995:14
 ❯ normalizeUrl node_modules/vite/dist/node/chunks/config.js:27118:18
 ❯ node_modules/vite/dist/node/chunks/config.js:27176:32
 ❯ TransformPluginContext.transform node_modules/vite/dist/node/chunks/config.js:27144:4
 ❯ EnvironmentPluginContainer.transform node_modules/vite/dist/node/chunks/config.js:28796:14
 ❯ loadAndTransform node_modules/vite/dist/node/chunks/config.js:22669:26
            </failure>
        </testcase>
    </testsuite>
    <testsuite name="test/integration/cursor-customization-real.test.tsx" timestamp="2025-12-21T04:38:38.670Z" hostname="dave" tests="1" failures="1" errors="0" skipped="0" time="0">
        <testcase classname="test/integration/cursor-customization-real.test.tsx" name="test/integration/cursor-customization-real.test.tsx" time="0">
            <failure message="Failed to resolve import &quot;@tauri-apps/api/app&quot; from &quot;src/components/CursorCustomization/InfoSection.tsx&quot;. Does the file exist?" type="Error">
Error: Failed to resolve import &quot;@tauri-apps/api/app&quot; from &quot;src/components/CursorCustomization/InfoSection.tsx&quot;. Does the file exist?
  Plugin: vite:import-analysis
  File: C:/Files/GitHub/cursor-changer/frontend-vite/src/components/CursorCustomization/InfoSection.tsx:22:44
  15 |          (async ()=&gt;{
  16 |              try {
  17 |                  const { getVersion } = await import(&apos;@tauri-apps/api/app&apos;);
     |                                                         ^
  18 |                  const v = await getVersion();
  19 |                  setVersion(v);
 ❯ TransformPluginContext._formatLog node_modules/vite/dist/node/chunks/config.js:28998:43
 ❯ TransformPluginContext.error node_modules/vite/dist/node/chunks/config.js:28995:14
 ❯ normalizeUrl node_modules/vite/dist/node/chunks/config.js:27118:18
 ❯ node_modules/vite/dist/node/chunks/config.js:27176:32
 ❯ TransformPluginContext.transform node_modules/vite/dist/node/chunks/config.js:27144:4
 ❯ EnvironmentPluginContainer.transform node_modules/vite/dist/node/chunks/config.js:28796:14
 ❯ loadAndTransform node_modules/vite/dist/node/chunks/config.js:22669:26
 ❯ fetchModule node_modules/vite/dist/node/chunks/config.js:33992:15
            </failure>
        </testcase>
    </testsuite>
    <testsuite name="test/integration/cursor-workflow.test.tsx" timestamp="2025-12-21T04:38:38.671Z" hostname="dave" tests="1" failures="1" errors="0" skipped="0" time="0">
        <testcase classname="test/integration/cursor-workflow.test.tsx" name="test/integration/cursor-workflow.test.tsx" time="0">
            <failure message="Failed to resolve import &quot;@tauri-apps/api/app&quot; from &quot;src/components/CursorCustomization/InfoSection.tsx&quot;. Does the file exist?" type="Error">
Error: Failed to resolve import &quot;@tauri-apps/api/app&quot; from &quot;src/components/CursorCustomization/InfoSection.tsx&quot;. Does the file exist?
  Plugin: vite:import-analysis
  File: C:/Files/GitHub/cursor-changer/frontend-vite/src/components/CursorCustomization/InfoSection.tsx:22:44
  15 |          (async ()=&gt;{
  16 |              try {
  17 |                  const { getVersion } = await import(&apos;@tauri-apps/api/app&apos;);
     |                                                         ^
  18 |                  const v = await getVersion();
  19 |                  setVersion(v);
 ❯ TransformPluginContext._formatLog node_modules/vite/dist/node/chunks/config.js:28998:43
 ❯ TransformPluginContext.error node_modules/vite/dist/node/chunks/config.js:28995:14
 ❯ normalizeUrl node_modules/vite/dist/node/chunks/config.js:27118:18
 ❯ node_modules/vite/dist/node/chunks/config.js:27176:32
 ❯ TransformPluginContext.transform node_modules/vite/dist/node/chunks/config.js:27144:4
 ❯ EnvironmentPluginContainer.transform node_modules/vite/dist/node/chunks/config.js:28796:14
 ❯ loadAndTransform node_modules/vite/dist/node/chunks/config.js:22669:26
 ❯ fetchModule node_modules/vite/dist/node/chunks/config.js:33992:15
            </failure>
        </testcase>
    </testsuite>
    <testsuite name="test/integration/settings-persistence.test.tsx" timestamp="2025-12-21T04:38:38.672Z" hostname="dave" tests="1" failures="1" errors="0" skipped="0" time="0">
        <testcase classname="test/integration/settings-persistence.test.tsx" name="test/integration/settings-persistence.test.tsx" time="0">
            <failure message="Failed to resolve import &quot;@tauri-apps/api/app&quot; from &quot;src/components/CursorCustomization/InfoSection.tsx&quot;. Does the file exist?" type="Error">
Error: Failed to resolve import &quot;@tauri-apps/api/app&quot; from &quot;src/components/CursorCustomization/InfoSection.tsx&quot;. Does the file exist?
  Plugin: vite:import-analysis
  File: C:/Files/GitHub/cursor-changer/frontend-vite/src/components/CursorCustomization/InfoSection.tsx:22:44
  15 |          (async ()=&gt;{
  16 |              try {
  17 |                  const { getVersion } = await import(&apos;@tauri-apps/api/app&apos;);
     |                                                         ^
  18 |                  const v = await getVersion();
  19 |                  setVersion(v);
 ❯ TransformPluginContext._formatLog node_modules/vite/dist/node/chunks/config.js:28998:43
 ❯ TransformPluginContext.error node_modules/vite/dist/node/chunks/config.js:28995:14
 ❯ normalizeUrl node_modules/vite/dist/node/chunks/config.js:27118:18
 ❯ node_modules/vite/dist/node/chunks/config.js:27176:32
 ❯ TransformPluginContext.transform node_modules/vite/dist/node/chunks/config.js:27144:4
 ❯ EnvironmentPluginContainer.transform node_modules/vite/dist/node/chunks/config.js:28796:14
 ❯ loadAndTransform node_modules/vite/dist/node/chunks/config.js:22669:26
            </failure>
        </testcase>
    </testsuite>
    <testsuite name="test/integration/theme-switching.test.tsx" timestamp="2025-12-21T04:38:38.673Z" hostname="dave" tests="1" failures="1" errors="0" skipped="0" time="0">
        <testcase classname="test/integration/theme-switching.test.tsx" name="test/integration/theme-switching.test.tsx" time="0">
            <failure message="Failed to resolve import &quot;@tauri-apps/api/app&quot; from &quot;src/components/CursorCustomization/InfoSection.tsx&quot;. Does the file exist?" type="Error">
Error: Failed to resolve import &quot;@tauri-apps/api/app&quot; from &quot;src/components/CursorCustomization/InfoSection.tsx&quot;. Does the file exist?
  Plugin: vite:import-analysis
  File: C:/Files/GitHub/cursor-changer/frontend-vite/src/components/CursorCustomization/InfoSection.tsx:22:44
  15 |          (async ()=&gt;{
  16 |              try {
  17 |                  const { getVersion } = await import(&apos;@tauri-apps/api/app&apos;);
     |                                                         ^
  18 |                  const v = await getVersion();
  19 |                  setVersion(v);
 ❯ TransformPluginContext._formatLog node_modules/vite/dist/node/chunks/config.js:28998:43
 ❯ TransformPluginContext.error node_modules/vite/dist/node/chunks/config.js:28995:14
 ❯ normalizeUrl node_modules/vite/dist/node/chunks/config.js:27118:18
 ❯ node_modules/vite/dist/node/chunks/config.js:27176:32
 ❯ TransformPluginContext.transform node_modules/vite/dist/node/chunks/config.js:27144:4
 ❯ EnvironmentPluginContainer.transform node_modules/vite/dist/node/chunks/config.js:28796:14
 ❯ loadAndTransform node_modules/vite/dist/node/chunks/config.js:22669:26
 ❯ fetchModule node_modules/vite/dist/node/chunks/config.js:33992:15
            </failure>
        </testcase>
    </testsuite>
    <testsuite name="test/regression/bug-2024-11-18-memory-leak-unmount.test.tsx" timestamp="2025-12-21T04:38:38.674Z" hostname="dave" tests="5" failures="0" errors="0" skipped="0" time="0.087822">
        <testcase classname="test/regression/bug-2024-11-18-memory-leak-unmount.test.tsx" name="Regression: Bug - Memory leak from event listeners &gt; should clean up event listeners on unmount" time="0.0229622">
        </testcase>
        <testcase classname="test/regression/bug-2024-11-18-memory-leak-unmount.test.tsx" name="Regression: Bug - Memory leak from event listeners &gt; should clean up multiple event listeners on unmount" time="0.0053127">
        </testcase>
        <testcase classname="test/regression/bug-2024-11-18-memory-leak-unmount.test.tsx" name="Regression: Bug - Memory leak from event listeners &gt; should handle repeated mount/unmount cycles without leaking" time="0.0118674">
        </testcase>
        <testcase classname="test/regression/bug-2024-11-18-memory-leak-unmount.test.tsx" name="Regression: Bug - Memory leak from event listeners &gt; should clean up listeners even when component errors" time="0.0029195">
        </testcase>
        <testcase classname="test/regression/bug-2024-11-18-memory-leak-unmount.test.tsx" name="Regression: Bug - Tauri event listener memory leak &gt; should clean up Tauri event listeners on unmount" time="0.042476">
        </testcase>
    </testsuite>
    <testsuite name="test/unit/active-cursor.test.tsx" timestamp="2025-12-21T04:38:38.675Z" hostname="dave" tests="18" failures="0" errors="0" skipped="0" time="0.8553179">
        <testcase classname="test/unit/active-cursor.test.tsx" name="ActiveCursor &gt; Rendering &gt; should render with basic cursor information" time="0.0704006">
        </testcase>
        <testcase classname="test/unit/active-cursor.test.tsx" name="ActiveCursor &gt; Rendering &gt; should display loading indicator when loading" time="0.3361769">
        </testcase>
        <testcase classname="test/unit/active-cursor.test.tsx" name="ActiveCursor &gt; Rendering &gt; should show loading spinner when loading state is true" time="0.014284">
        </testcase>
        <testcase classname="test/unit/active-cursor.test.tsx" name="ActiveCursor &gt; Rendering &gt; should handle custom cursor with preview image" time="0.1047988">
        </testcase>
        <testcase classname="test/unit/active-cursor.test.tsx" name="ActiveCursor &gt; Rendering &gt; should load and render system preview image for default cursors without custom image" time="0.1177802">
        </testcase>
        <testcase classname="test/unit/active-cursor.test.tsx" name="ActiveCursor &gt; Rendering &gt; should render cached preview immediately without invoking backend" time="0.0436383">
        </testcase>
        <testcase classname="test/unit/active-cursor.test.tsx" name="ActiveCursor &gt; Interactions &gt; should call onBrowse when clicked" time="0.0123682">
        </testcase>
        <testcase classname="test/unit/active-cursor.test.tsx" name="ActiveCursor &gt; Interactions &gt; should be keyboard accessible" time="0.018507">
        </testcase>
        <testcase classname="test/unit/active-cursor.test.tsx" name="ActiveCursor &gt; Drop Zone Functionality &gt; should register as droppable" time="0.005076">
        </testcase>
        <testcase classname="test/unit/active-cursor.test.tsx" name="ActiveCursor &gt; Drop Zone Functionality &gt; should apply drop-target class when over" time="0.0062685">
        </testcase>
        <testcase classname="test/unit/active-cursor.test.tsx" name="ActiveCursor &gt; Drop Zone Functionality &gt; should apply selected class when selected" time="0.0337305">
        </testcase>
        <testcase classname="test/unit/active-cursor.test.tsx" name="ActiveCursor &gt; State Management &gt; should handle cursor data changes" time="0.0429393">
        </testcase>
        <testcase classname="test/unit/active-cursor.test.tsx" name="ActiveCursor &gt; State Management &gt; should cleanup on unmount" time="0.0049197">
        </testcase>
        <testcase classname="test/unit/active-cursor.test.tsx" name="ActiveCursor &gt; Edge Cases &gt; should handle empty cursor name" time="0.0085046">
        </testcase>
        <testcase classname="test/unit/active-cursor.test.tsx" name="ActiveCursor &gt; Edge Cases &gt; should handle missing display_name" time="0.0092949">
        </testcase>
        <testcase classname="test/unit/active-cursor.test.tsx" name="ActiveCursor &gt; Edge Cases &gt; should handle very long filenames" time="0.0064536">
        </testcase>
        <testcase classname="test/unit/active-cursor.test.tsx" name="ActiveCursor &gt; Visual States &gt; should show has-custom-cursor class for custom cursors" time="0.0099262">
        </testcase>
        <testcase classname="test/unit/active-cursor.test.tsx" name="ActiveCursor &gt; Visual States &gt; should not show has-custom-cursor class for default cursors" time="0.0056428">
        </testcase>
    </testsuite>
    <testsuite name="test/unit/ActiveSection.test.tsx" timestamp="2025-12-21T04:38:38.677Z" hostname="dave" tests="2" failures="1" errors="0" skipped="0" time="0.5907471">
        <testcase classname="test/unit/ActiveSection.test.tsx" name="ActiveSection &gt; shows ModeToggle in the top right (pill shape) when not selecting from library" time="0.4331775">
        </testcase>
        <testcase classname="test/unit/ActiveSection.test.tsx" name="ActiveSection &gt; shows Cancel button with pill (rounded-full) class when pendingLibraryCursor is set" time="0.1551275">
            <failure message="expected &apos;inline-flex items-center justify-cent…&apos; to match /rounded-full/" type="AssertionError">
AssertionError: expected &apos;inline-flex items-center justify-cent…&apos; to match /rounded-full/

- Expected: 
/rounded-full/

+ Received: 
&quot;inline-flex items-center justify-center gap-2 whitespace-nowrap text-sm font-medium transition-colors focus-visible:outline-none focus-visible:ring-1 focus-visible:ring-ring disabled:pointer-events-none disabled:opacity-50 cursor-pointer [&amp;_svg]:pointer-events-none [&amp;_svg]:size-4 [&amp;_svg]:shrink-0 hover:bg-accent hover:text-accent-foreground h-11 w-11 rounded-lg&quot;

 ❯ test/unit/ActiveSection.test.tsx:49:36
            </failure>
        </testcase>
    </testsuite>
    <testsuite name="test/unit/App.test.tsx" timestamp="2025-12-21T04:38:38.678Z" hostname="dave" tests="1" failures="1" errors="0" skipped="0" time="0">
        <testcase classname="test/unit/App.test.tsx" name="test/unit/App.test.tsx" time="0">
            <failure message="Failed to resolve import &quot;@tauri-apps/api/app&quot; from &quot;src/components/CursorCustomization/InfoSection.tsx&quot;. Does the file exist?" type="Error">
Error: Failed to resolve import &quot;@tauri-apps/api/app&quot; from &quot;src/components/CursorCustomization/InfoSection.tsx&quot;. Does the file exist?
  Plugin: vite:import-analysis
  File: C:/Files/GitHub/cursor-changer/frontend-vite/src/components/CursorCustomization/InfoSection.tsx:22:44
  15 |          (async ()=&gt;{
  16 |              try {
  17 |                  const { getVersion } = await import(&apos;@tauri-apps/api/app&apos;);
     |                                                         ^
  18 |                  const v = await getVersion();
  19 |                  setVersion(v);
 ❯ TransformPluginContext._formatLog node_modules/vite/dist/node/chunks/config.js:28998:43
 ❯ TransformPluginContext.error node_modules/vite/dist/node/chunks/config.js:28995:14
 ❯ normalizeUrl node_modules/vite/dist/node/chunks/config.js:27118:18
 ❯ node_modules/vite/dist/node/chunks/config.js:27176:32
 ❯ TransformPluginContext.transform node_modules/vite/dist/node/chunks/config.js:27144:4
 ❯ EnvironmentPluginContainer.transform node_modules/vite/dist/node/chunks/config.js:28796:14
 ❯ loadAndTransform node_modules/vite/dist/node/chunks/config.js:22669:26
 ❯ fetchModule node_modules/vite/dist/node/chunks/config.js:33992:15
            </failure>
        </testcase>
    </testsuite>
    <testsuite name="test/unit/AppContext.test.tsx" timestamp="2025-12-21T04:38:38.680Z" hostname="dave" tests="36" failures="0" errors="0" skipped="0" time="0.2351874">
        <testcase classname="test/unit/AppContext.test.tsx" name="AppContext - Unit Tests - Initialization &gt; should initialize with default state" time="0.0036428">
        </testcase>
        <testcase classname="test/unit/AppContext.test.tsx" name="AppContext - Unit Tests - Initialization &gt; should load initial status from backend" time="0.0041582">
        </testcase>
        <testcase classname="test/unit/AppContext.test.tsx" name="AppContext - Unit Tests - Initialization &gt; should initialize empty arrays for cursors" time="0.0008196">
        </testcase>
        <testcase classname="test/unit/AppContext.test.tsx" name="AppContext - Unit Tests - Initialization &gt; should initialize with simple customization mode" time="0.0005462">
        </testcase>
        <testcase classname="test/unit/AppContext.test.tsx" name="AppContext - Unit Tests - Initialization &gt; should initialize with cursor-customization section active" time="0.0004354">
        </testcase>
        <testcase classname="test/unit/AppContext.test.tsx" name="AppContext - Unit Tests - Initialization &gt; should initialize with no message" time="0.0003632">
        </testcase>
        <testcase classname="test/unit/AppContext.test.tsx" name="AppContext - Unit Tests - Initialization &gt; should initialize recording state as false" time="0.0003456">
        </testcase>
        <testcase classname="test/unit/AppContext.test.tsx" name="AppContext - Unit Tests - State Updates &gt; should toggle cursor state" time="0.0107537">
        </testcase>
        <testcase classname="test/unit/AppContext.test.tsx" name="AppContext - Unit Tests - State Updates &gt; should update hotkey" time="0.0040081">
        </testcase>
        <testcase classname="test/unit/AppContext.test.tsx" name="AppContext - Unit Tests - State Updates &gt; should update cursor size" time="0.0055951">
        </testcase>
        <testcase classname="test/unit/AppContext.test.tsx" name="AppContext - Unit Tests - State Updates &gt; should update minimize to tray preference" time="0.0019138">
        </testcase>
        <testcase classname="test/unit/AppContext.test.tsx" name="AppContext - Unit Tests - State Updates &gt; should update customization mode" time="0.0003835">
        </testcase>
        <testcase classname="test/unit/AppContext.test.tsx" name="AppContext - Unit Tests - State Updates &gt; should update active section" time="0.0002609">
        </testcase>
        <testcase classname="test/unit/AppContext.test.tsx" name="AppContext - Unit Tests - Event Handling &gt; should listen to cursor-state events" time="0.0133512">
        </testcase>
        <testcase classname="test/unit/AppContext.test.tsx" name="AppContext - Unit Tests - Event Handling &gt; should update state when cursor-state event is received" time="0.0323979">
        </testcase>
        <testcase classname="test/unit/AppContext.test.tsx" name="AppContext - Unit Tests - Event Handling &gt; should handle multiple event emissions" time="0.0177747">
        </testcase>
        <testcase classname="test/unit/AppContext.test.tsx" name="AppContext - Unit Tests - Error Handling &gt; should set error message on failed hotkey update" time="0.0020893">
        </testcase>
        <testcase classname="test/unit/AppContext.test.tsx" name="AppContext - Unit Tests - Error Handling &gt; should set error message on failed size update" time="0.0023606">
        </testcase>
        <testcase classname="test/unit/AppContext.test.tsx" name="AppContext - Unit Tests - Error Handling &gt; should set success message on successful hotkey update" time="0.0165081">
        </testcase>
        <testcase classname="test/unit/AppContext.test.tsx" name="AppContext - Unit Tests - Error Handling &gt; should handle failed status load gracefully" time="0.0041748">
        </testcase>
        <testcase classname="test/unit/AppContext.test.tsx" name="AppContext - Integration Tests - State Flows &gt; should handle complete toggle workflow" time="0.0012079">
        </testcase>
        <testcase classname="test/unit/AppContext.test.tsx" name="AppContext - Integration Tests - State Flows &gt; should handle hotkey change workflow" time="0.0141607">
        </testcase>
        <testcase classname="test/unit/AppContext.test.tsx" name="AppContext - Integration Tests - State Flows &gt; should handle size adjustment workflow" time="0.0336284">
        </testcase>
        <testcase classname="test/unit/AppContext.test.tsx" name="AppContext - Integration Tests - State Flows &gt; should handle preference updates" time="0.0306939">
        </testcase>
        <testcase classname="test/unit/AppContext.test.tsx" name="AppContext - Integration Tests - Multi-State Updates &gt; should handle concurrent state updates" time="0.007621">
        </testcase>
        <testcase classname="test/unit/AppContext.test.tsx" name="AppContext - Integration Tests - Multi-State Updates &gt; should maintain state consistency across updates" time="0.0071406">
        </testcase>
        <testcase classname="test/unit/AppContext.test.tsx" name="AppContext - Integration Tests - Recording &gt; should enter recording mode" time="0.0005274">
        </testcase>
        <testcase classname="test/unit/AppContext.test.tsx" name="AppContext - Integration Tests - Recording &gt; should exit recording mode" time="0.0002773">
        </testcase>
        <testcase classname="test/unit/AppContext.test.tsx" name="AppContext - Integration Tests - Recording &gt; should capture shortcut during recording" time="0.0001886">
        </testcase>
        <testcase classname="test/unit/AppContext.test.tsx" name="AppContext - Integration Tests - Recording &gt; should clear captured shortcut when exiting recording" time="0.0002054">
        </testcase>
        <testcase classname="test/unit/AppContext.test.tsx" name="AppContext - Edge Cases &gt; should handle rapid toggle requests" time="0.0004591">
        </testcase>
        <testcase classname="test/unit/AppContext.test.tsx" name="AppContext - Edge Cases &gt; should handle invalid state updates gracefully" time="0.0004357">
        </testcase>
        <testcase classname="test/unit/AppContext.test.tsx" name="AppContext - Edge Cases &gt; should handle section navigation" time="0.0003086">
        </testcase>
        <testcase classname="test/unit/AppContext.test.tsx" name="AppContext - Edge Cases &gt; should handle mode switching" time="0.0002124">
        </testcase>
        <testcase classname="test/unit/AppContext.test.tsx" name="AppContext - Performance Tests &gt; should handle rapid state updates efficiently" time="0.0004628">
        </testcase>
        <testcase classname="test/unit/AppContext.test.tsx" name="AppContext - Performance Tests &gt; should handle multiple event emissions efficiently" time="0.0121867">
        </testcase>
    </testsuite>
    <testsuite name="test/unit/AppProvider.test.tsx" timestamp="2025-12-21T04:38:38.685Z" hostname="dave" tests="1" failures="0" errors="0" skipped="0" time="0.0813951">
        <testcase classname="test/unit/AppProvider.test.tsx" name="AppProvider &gt; showMessage sets a message and auto-clears after 5 seconds" time="0.0784519">
        </testcase>
    </testsuite>
    <testsuite name="test/unit/ClickOutsideHandler.test.tsx" timestamp="2025-12-21T04:38:38.685Z" hostname="dave" tests="2" failures="0" errors="0" skipped="0" time="0.030472">
        <testcase classname="test/unit/ClickOutsideHandler.test.tsx" name="ClickOutsideHandler &gt; calls cancelPreviewSelection and cancelBrowseMode on outside mouseDown when selectingFromLibrary is true" time="0.0251043">
        </testcase>
        <testcase classname="test/unit/ClickOutsideHandler.test.tsx" name="ClickOutsideHandler &gt; does not call handlers when not in any selection mode" time="0.002822">
        </testcase>
    </testsuite>
    <testsuite name="test/unit/CursorCustomization.test.tsx" timestamp="2025-12-21T04:38:38.686Z" hostname="dave" tests="26" failures="0" errors="0" skipped="0" time="0.8120169">
        <testcase classname="test/unit/CursorCustomization.test.tsx" name="CursorCustomization - Unit Tests - Rendering &gt; should render cursor customization component" time="0.0591649">
        </testcase>
        <testcase classname="test/unit/CursorCustomization.test.tsx" name="CursorCustomization - Unit Tests - Rendering &gt; should render all available cursors" time="0.01314">
        </testcase>
        <testcase classname="test/unit/CursorCustomization.test.tsx" name="CursorCustomization - Unit Tests - Rendering &gt; should show default state for cursors initially" time="0.022793">
        </testcase>
        <testcase classname="test/unit/CursorCustomization.test.tsx" name="CursorCustomization - Unit Tests - Rendering &gt; should render library panel" time="0.0096339">
        </testcase>
        <testcase classname="test/unit/CursorCustomization.test.tsx" name="CursorCustomization - Unit Tests - Rendering &gt; should render library items" time="0.0268305">
        </testcase>
        <testcase classname="test/unit/CursorCustomization.test.tsx" name="CursorCustomization - Unit Tests - Rendering &gt; should render bulk operation buttons" time="0.0204421">
        </testcase>
        <testcase classname="test/unit/CursorCustomization.test.tsx" name="CursorCustomization - Unit Tests - Cursor Cards &gt; should show browse button for each cursor" time="0.0389428">
        </testcase>
        <testcase classname="test/unit/CursorCustomization.test.tsx" name="CursorCustomization - Unit Tests - Cursor Cards &gt; should show reset button only for custom cursors" time="0.0186176">
        </testcase>
        <testcase classname="test/unit/CursorCustomization.test.tsx" name="CursorCustomization - Unit Tests - Cursor Cards &gt; should update cursor card after customization" time="0.0276033">
        </testcase>
        <testcase classname="test/unit/CursorCustomization.test.tsx" name="CursorCustomization - Integration Tests - File Operations &gt; should browse and set cursor file" time="0.0551228">
        </testcase>
        <testcase classname="test/unit/CursorCustomization.test.tsx" name="CursorCustomization - Integration Tests - File Operations &gt; should handle file browse cancellation" time="0.0286485">
        </testcase>
        <testcase classname="test/unit/CursorCustomization.test.tsx" name="CursorCustomization - Integration Tests - Reset &gt; should reset individual cursor" time="0.0300372">
        </testcase>
        <testcase classname="test/unit/CursorCustomization.test.tsx" name="CursorCustomization - Integration Tests - Reset &gt; should show reset all confirmation dialog" time="0.0128259">
        </testcase>
        <testcase classname="test/unit/CursorCustomization.test.tsx" name="CursorCustomization - Integration Tests - Reset &gt; should reset all cursors on confirmation" time="0.0392472">
        </testcase>
        <testcase classname="test/unit/CursorCustomization.test.tsx" name="CursorCustomization - Integration Tests - Reset &gt; should cancel reset all dialog" time="0.0180244">
        </testcase>
        <testcase classname="test/unit/CursorCustomization.test.tsx" name="CursorCustomization - Integration Tests - Bulk Operations &gt; should apply same image to all cursors" time="0.0106591">
        </testcase>
        <testcase classname="test/unit/CursorCustomization.test.tsx" name="CursorCustomization - Integration Tests - Library &gt; should display library cursors" time="0.012687">
        </testcase>
        <testcase classname="test/unit/CursorCustomization.test.tsx" name="CursorCustomization - Integration Tests - Library &gt; should use library cursor when clicked" time="0.0134587">
        </testcase>
        <testcase classname="test/unit/CursorCustomization.test.tsx" name="CursorCustomization - Edge Cases &gt; should handle empty cursor list" time="0.007012">
        </testcase>
        <testcase classname="test/unit/CursorCustomization.test.tsx" name="CursorCustomization - Edge Cases &gt; should handle empty library" time="0.0069093">
        </testcase>
        <testcase classname="test/unit/CursorCustomization.test.tsx" name="CursorCustomization - Edge Cases &gt; should handle command failures gracefully" time="0.0365469">
        </testcase>
        <testcase classname="test/unit/CursorCustomization.test.tsx" name="CursorCustomization - Edge Cases &gt; should handle concurrent operations" time="0.0354115">
        </testcase>
        <testcase classname="test/unit/CursorCustomization.test.tsx" name="CursorCustomization - UI Interaction Tests &gt; should complete typical customization workflow" time="0.1336072">
        </testcase>
        <testcase classname="test/unit/CursorCustomization.test.tsx" name="CursorCustomization - UI Interaction Tests &gt; should handle bulk customization workflow" time="0.0706567">
        </testcase>
        <testcase classname="test/unit/CursorCustomization.test.tsx" name="CursorCustomization - Performance Tests &gt; should render large cursor list efficiently" time="0.0335386">
        </testcase>
        <testcase classname="test/unit/CursorCustomization.test.tsx" name="CursorCustomization - Performance Tests &gt; should handle rapid state updates" time="0.0266126">
        </testcase>
    </testsuite>
    <testsuite name="test/unit/error-boundary.test.tsx" timestamp="2025-12-21T04:38:38.690Z" hostname="dave" tests="21" failures="0" errors="0" skipped="0" time="0.6490643">
        <testcase classname="test/unit/error-boundary.test.tsx" name="ErrorBoundary &gt; should render children when there is no error" time="0.0547432">
        </testcase>
        <testcase classname="test/unit/error-boundary.test.tsx" name="ErrorBoundary &gt; should catch errors thrown by child components" time="0.0289198">
        </testcase>
        <testcase classname="test/unit/error-boundary.test.tsx" name="ErrorBoundary &gt; should display custom error boundary name" time="0.0116695">
        </testcase>
        <testcase classname="test/unit/error-boundary.test.tsx" name="ErrorBoundary &gt; should display default name when no name provided" time="0.0125673">
        </testcase>
        <testcase classname="test/unit/error-boundary.test.tsx" name="ErrorBoundary &gt; should show error details when showDetails is true" time="0.0125599">
        </testcase>
        <testcase classname="test/unit/error-boundary.test.tsx" name="ErrorBoundary &gt; should hide error details when showDetails is false" time="0.0073325">
        </testcase>
        <testcase classname="test/unit/error-boundary.test.tsx" name="ErrorBoundary &gt; should show retry button when enableRetry is true" time="0.336101">
        </testcase>
        <testcase classname="test/unit/error-boundary.test.tsx" name="ErrorBoundary &gt; should hide retry button when enableRetry is false" time="0.0092143">
        </testcase>
        <testcase classname="test/unit/error-boundary.test.tsx" name="ErrorBoundary &gt; should reset error state when retry button is clicked" time="0.0873973">
        </testcase>
        <testcase classname="test/unit/error-boundary.test.tsx" name="ErrorBoundary &gt; should call onError callback when error occurs" time="0.0131213">
        </testcase>
        <testcase classname="test/unit/error-boundary.test.tsx" name="ErrorBoundary &gt; should handle onError callback errors gracefully" time="0.0155359">
        </testcase>
        <testcase classname="test/unit/error-boundary.test.tsx" name="ErrorBoundary &gt; should render custom fallback component when provided" time="0.0077318">
        </testcase>
        <testcase classname="test/unit/error-boundary.test.tsx" name="ErrorBoundary &gt; should log error to console" time="0.0057312">
        </testcase>
        <testcase classname="test/unit/error-boundary.test.tsx" name="ErrorBoundary &gt; should handle multiple errors from different children" time="0.0078539">
        </testcase>
        <testcase classname="test/unit/error-boundary.test.tsx" name="ErrorBoundary &gt; should isolate errors to specific error boundary" time="0.0121975">
        </testcase>
        <testcase classname="test/unit/error-boundary.test.tsx" name="withErrorBoundary HOC &gt; should wrap component with error boundary" time="0.0026552">
        </testcase>
        <testcase classname="test/unit/error-boundary.test.tsx" name="withErrorBoundary HOC &gt; should catch errors in wrapped component" time="0.0098914">
        </testcase>
        <testcase classname="test/unit/error-boundary.test.tsx" name="withErrorBoundary HOC &gt; should pass props to wrapped component" time="0.0047016">
        </testcase>
        <testcase classname="test/unit/error-boundary.test.tsx" name="withErrorBoundary HOC &gt; should set display name correctly" time="0.00053">
        </testcase>
        <testcase classname="test/unit/error-boundary.test.tsx" name="useErrorHandler hook &gt; should provide error handler function" time="0.0020375">
        </testcase>
        <testcase classname="test/unit/error-boundary.test.tsx" name="useErrorHandler hook &gt; should log errors when called" time="0.0030003">
        </testcase>
    </testsuite>
    <testsuite name="test/unit/event-listener-cleanup.property.test.tsx" timestamp="2025-12-21T04:38:38.692Z" hostname="dave" tests="7" failures="0" errors="0" skipped="0" time="1.1903254">
        <testcase classname="test/unit/event-listener-cleanup.property.test.tsx" name="Property 15: Event listener cleanup &gt; should remove all event listeners on cleanup" time="0.2868904">
        </testcase>
        <testcase classname="test/unit/event-listener-cleanup.property.test.tsx" name="Property 15: Event listener cleanup &gt; should cleanup remaining listeners after mixed add/remove operations" time="0.1756231">
        </testcase>
        <testcase classname="test/unit/event-listener-cleanup.property.test.tsx" name="Property 15: Event listener cleanup &gt; should not leak listeners across multiple mount/unmount cycles" time="0.3669208">
        </testcase>
        <testcase classname="test/unit/event-listener-cleanup.property.test.tsx" name="Property 15: Event listener cleanup &gt; should cleanup listeners for different event types" time="0.1366949">
        </testcase>
        <testcase classname="test/unit/event-listener-cleanup.property.test.tsx" name="Property 15: Event listener cleanup &gt; should cleanup listeners with various options" time="0.0737644">
        </testcase>
        <testcase classname="test/unit/event-listener-cleanup.property.test.tsx" name="Property 15: Event listener cleanup &gt; should handle multiple cleanup calls safely" time="0.073266">
        </testcase>
        <testcase classname="test/unit/event-listener-cleanup.property.test.tsx" name="Property 15: Event listener cleanup &gt; should not add listeners after cleanup" time="0.0739444">
        </testcase>
    </testsuite>
    <testsuite name="test/unit/KeyboardShortcuts.test.tsx" timestamp="2025-12-21T04:38:38.693Z" hostname="dave" tests="34" failures="0" errors="0" skipped="0" time="0.9340938">
        <testcase classname="test/unit/KeyboardShortcuts.test.tsx" name="KeyboardShortcuts - Rendering &gt; should render keyboard shortcuts section" time="0.0604649">
        </testcase>
        <testcase classname="test/unit/KeyboardShortcuts.test.tsx" name="KeyboardShortcuts - Rendering &gt; should render current shortcut display" time="0.0204">
        </testcase>
        <testcase classname="test/unit/KeyboardShortcuts.test.tsx" name="KeyboardShortcuts - Rendering &gt; should render shortcut toggle switch" time="0.0112512">
        </testcase>
        <testcase classname="test/unit/KeyboardShortcuts.test.tsx" name="KeyboardShortcuts - Rendering &gt; should render edit button" time="0.0201035">
        </testcase>
        <testcase classname="test/unit/KeyboardShortcuts.test.tsx" name="KeyboardShortcuts - Rendering &gt; should render reset button" time="0.0160584">
        </testcase>
        <testcase classname="test/unit/KeyboardShortcuts.test.tsx" name="KeyboardShortcuts - Edit Mode &gt; should enter edit mode when edit button clicked" time="0.0260358">
        </testcase>
        <testcase classname="test/unit/KeyboardShortcuts.test.tsx" name="KeyboardShortcuts - Edit Mode &gt; should disable global hotkey when entering edit mode" time="0.0137519">
        </testcase>
        <testcase classname="test/unit/KeyboardShortcuts.test.tsx" name="KeyboardShortcuts - Edit Mode &gt; should show building shortcut display when in recording mode" time="0.0087819">
        </testcase>
        <testcase classname="test/unit/KeyboardShortcuts.test.tsx" name="KeyboardShortcuts - Edit Mode &gt; should show apply and cancel buttons in edit mode" time="0.0080978">
        </testcase>
        <testcase classname="test/unit/KeyboardShortcuts.test.tsx" name="KeyboardShortcuts - Edit Mode &gt; should disable apply button when no shortcut captured" time="0.0098967">
        </testcase>
        <testcase classname="test/unit/KeyboardShortcuts.test.tsx" name="KeyboardShortcuts - Keyboard Capture &gt; should capture Ctrl+A shortcut" time="0.0179502">
        </testcase>
        <testcase classname="test/unit/KeyboardShortcuts.test.tsx" name="KeyboardShortcuts - Keyboard Capture &gt; should capture Ctrl+Shift+Z shortcut" time="0.0176975">
        </testcase>
        <testcase classname="test/unit/KeyboardShortcuts.test.tsx" name="KeyboardShortcuts - Keyboard Capture &gt; should ignore auto-repeated keydown events" time="0.0057792">
        </testcase>
        <testcase classname="test/unit/KeyboardShortcuts.test.tsx" name="KeyboardShortcuts - Keyboard Capture &gt; should ignore Meta key" time="0.0053089">
        </testcase>
        <testcase classname="test/unit/KeyboardShortcuts.test.tsx" name="KeyboardShortcuts - Keyboard Capture &gt; should ignore CapsLock key" time="0.0051603">
        </testcase>
        <testcase classname="test/unit/KeyboardShortcuts.test.tsx" name="KeyboardShortcuts - Key Normalization &gt; should normalize Control to Ctrl" time="0.0207057">
        </testcase>
        <testcase classname="test/unit/KeyboardShortcuts.test.tsx" name="KeyboardShortcuts - Key Normalization &gt; should uppercase non-modifier keys" time="0.039769">
        </testcase>
        <testcase classname="test/unit/KeyboardShortcuts.test.tsx" name="KeyboardShortcuts - Shortcut Validation &gt; should sort modifiers in Ctrl-Shift-Alt order" time="0.0250287">
        </testcase>
        <testcase classname="test/unit/KeyboardShortcuts.test.tsx" name="KeyboardShortcuts - Shortcut Validation &gt; should replace previous non-modifier key when new one pressed" time="0.0207197">
        </testcase>
        <testcase classname="test/unit/KeyboardShortcuts.test.tsx" name="KeyboardShortcuts - Actions &gt; should apply shortcut when apply button clicked" time="0.1001683">
        </testcase>
        <testcase classname="test/unit/KeyboardShortcuts.test.tsx" name="KeyboardShortcuts - Actions &gt; should re-enable global hotkey after applying" time="0.094795">
        </testcase>
        <testcase classname="test/unit/KeyboardShortcuts.test.tsx" name="KeyboardShortcuts - Actions &gt; should cancel edit mode when cancel button clicked" time="0.031042">
        </testcase>
        <testcase classname="test/unit/KeyboardShortcuts.test.tsx" name="KeyboardShortcuts - Actions &gt; should re-enable global hotkey after cancelling" time="0.0535651">
        </testcase>
        <testcase classname="test/unit/KeyboardShortcuts.test.tsx" name="KeyboardShortcuts - Actions &gt; should reset shortcut to default" time="0.02937">
        </testcase>
        <testcase classname="test/unit/KeyboardShortcuts.test.tsx" name="KeyboardShortcuts - Enable/Disable &gt; should call setShortcutEnabled when toggle clicked" time="0.0131524">
        </testcase>
        <testcase classname="test/unit/KeyboardShortcuts.test.tsx" name="KeyboardShortcuts - Enable/Disable &gt; should exit edit mode when shortcut is disabled" time="0.0130419">
        </testcase>
        <testcase classname="test/unit/KeyboardShortcuts.test.tsx" name="KeyboardShortcuts - Enable/Disable &gt; should re-enable global hotkey when disabled during edit" time="0.0229759">
        </testcase>
        <testcase classname="test/unit/KeyboardShortcuts.test.tsx" name="KeyboardShortcuts - Cleanup &gt; should remove event listeners when component unmounts" time="0.0138104">
        </testcase>
        <testcase classname="test/unit/KeyboardShortcuts.test.tsx" name="KeyboardShortcuts - Cleanup &gt; should remove event listeners when exiting recording mode" time="0.0108491">
        </testcase>
        <testcase classname="test/unit/KeyboardShortcuts.test.tsx" name="KeyboardShortcuts - Edge Cases &gt; should handle invoke failure when disabling hotkey" time="0.0275944">
        </testcase>
        <testcase classname="test/unit/KeyboardShortcuts.test.tsx" name="KeyboardShortcuts - Edge Cases &gt; should handle rapid key presses" time="0.0253678">
        </testcase>
        <testcase classname="test/unit/KeyboardShortcuts.test.tsx" name="KeyboardShortcuts - Edge Cases &gt; should display default shortcut when cursorState.shortcut is null" time="0.0163448">
        </testcase>
        <testcase classname="test/unit/KeyboardShortcuts.test.tsx" name="KeyboardShortcuts - Integration &gt; should complete full edit workflow" time="0.0903195">
        </testcase>
        <testcase classname="test/unit/KeyboardShortcuts.test.tsx" name="KeyboardShortcuts - Integration &gt; should complete full cancel workflow" time="0.0209979">
        </testcase>
    </testsuite>
    <testsuite name="test/unit/library-refresh.test.tsx" timestamp="2025-12-21T04:38:38.697Z" hostname="dave" tests="9" failures="0" errors="0" skipped="0" time="0.5468153">
        <testcase classname="test/unit/library-refresh.test.tsx" name="Library Refresh Functionality &gt; should refresh library after HotspotPicker delete" time="0.1123287">
        </testcase>
        <testcase classname="test/unit/library-refresh.test.tsx" name="Library Refresh Functionality &gt; should call loadLibraryCursors after cursor deletion" time="0.0298819">
        </testcase>
        <testcase classname="test/unit/library-refresh.test.tsx" name="BrowseModal File Type Routing &gt; should route .cur files through handleFileSelect" time="0.0851164">
        </testcase>
        <testcase classname="test/unit/library-refresh.test.tsx" name="BrowseModal File Type Routing &gt; should route .ani files through handleFileSelect" time="0.0846227">
        </testcase>
        <testcase classname="test/unit/library-refresh.test.tsx" name="BrowseModal File Type Routing &gt; should route .png files through onImageFileSelected (hotspot picker)" time="0.0526529">
        </testcase>
        <testcase classname="test/unit/library-refresh.test.tsx" name="BrowseModal File Type Routing &gt; should route .svg files through onImageFileSelected (hotspot picker)" time="0.0315298">
        </testcase>
        <testcase classname="test/unit/library-refresh.test.tsx" name="State Synchronization &gt; should maintain UI consistency after library operations" time="0.0779453">
        </testcase>
        <testcase classname="test/unit/library-refresh.test.tsx" name="State Synchronization &gt; should handle concurrent library operations" time="0.0169923">
        </testcase>
        <testcase classname="test/unit/library-refresh.test.tsx" name="Error Handling &gt; should handle delete failure gracefully" time="0.0526999">
        </testcase>
    </testsuite>
    <testsuite name="test/unit/LibraryCursor.test.tsx" timestamp="2025-12-21T04:38:38.697Z" hostname="dave" tests="4" failures="0" errors="0" skipped="0" time="0.6586955">
        <testcase classname="test/unit/LibraryCursor.test.tsx" name="LibraryCursor &gt; renders cached preview immediately without invoking backend" time="0.2803992">
        </testcase>
        <testcase classname="test/unit/LibraryCursor.test.tsx" name="LibraryCursor &gt; loads preview via read_cursor_file_as_data_url and renders image" time="0.0672903">
        </testcase>
        <testcase classname="test/unit/LibraryCursor.test.tsx" name="LibraryCursor &gt; falls back to get_library_cursor_preview when read_cursor_file_as_data_url fails" time="0.0502104">
            <system-err>
[WARN] Preview failed for C:\fallback.cur Error: read failed
    at C:/Files/GitHub/cursor-changer/frontend-vite/test/unit/LibraryCursor.test.tsx:107:31
    at invoke [90m(file:///C:/Files/GitHub/cursor-changer/frontend-vite/[39mnode_modules/[4m@vitest/spy[24m/dist/index.js:285:34[90m)[39m
    at invokeCommand (C:/Files/GitHub/cursor-changer/frontend-vite/src/tauri/commands.ts:228:17)
    at C:/Files/GitHub/cursor-changer/frontend-vite/src/components/CursorCustomization/LibraryCursor.tsx:144:27
    at C:/Files/GitHub/cursor-changer/frontend-vite/src/components/CursorCustomization/LibraryCursor.tsx:161:5
    at Object.react_stack_bottom_frame [90m(C:\Files\GitHub\cursor-changer\frontend-vite\[39mnode_modules\[4mreact-dom[24m\cjs\react-dom-client.development.js:25989:20[90m)[39m
    at runWithFiberInDEV [90m(C:\Files\GitHub\cursor-changer\frontend-vite\[39mnode_modules\[4mreact-dom[24m\cjs\react-dom-client.development.js:874:13[90m)[39m
    at commitHookEffectListMount [90m(C:\Files\GitHub\cursor-changer\frontend-vite\[39mnode_modules\[4mreact-dom[24m\cjs\react-dom-client.development.js:13249:29[90m)[39m
    at commitHookPassiveMountEffects [90m(C:\Files\GitHub\cursor-changer\frontend-vite\[39mnode_modules\[4mreact-dom[24m\cjs\react-dom-client.development.js:13336:11[90m)[39m
    at commitPassiveMountOnFiber [90m(C:\Files\GitHub\cursor-changer\frontend-vite\[39mnode_modules\[4mreact-dom[24m\cjs\react-dom-client.development.js:15484:13[90m)[39m

            </system-err>
        </testcase>
        <testcase classname="test/unit/LibraryCursor.test.tsx" name="LibraryCursor &gt; calls invoke and showMessage when delete is selected from context menu" time="0.2578555">
        </testcase>
    </testsuite>
    <testsuite name="test/unit/LibrarySection.test.tsx" timestamp="2025-12-21T04:38:38.698Z" hostname="dave" tests="2" failures="0" errors="0" skipped="0" time="0.3627824">
        <testcase classname="test/unit/LibrarySection.test.tsx" name="LibrarySection &gt; renders Add Cursor button with pill (rounded-full) class" time="0.3051029">
        </testcase>
        <testcase classname="test/unit/LibrarySection.test.tsx" name="LibrarySection &gt; renders Cancel button with pill (rounded-full) class when selectingFromLibrary is true and selectedCursor provided" time="0.0551215">
        </testcase>
    </testsuite>
    <testsuite name="test/unit/LibraryUI.test.tsx" timestamp="2025-12-21T04:38:38.699Z" hostname="dave" tests="1" failures="1" errors="0" skipped="0" time="0">
        <testcase classname="test/unit/LibraryUI.test.tsx" name="test/unit/LibraryUI.test.tsx" time="0">
            <failure message="Failed to resolve import &quot;@tauri-apps/api/app&quot; from &quot;src/components/CursorCustomization/InfoSection.tsx&quot;. Does the file exist?" type="Error">
Error: Failed to resolve import &quot;@tauri-apps/api/app&quot; from &quot;src/components/CursorCustomization/InfoSection.tsx&quot;. Does the file exist?
  Plugin: vite:import-analysis
  File: C:/Files/GitHub/cursor-changer/frontend-vite/src/components/CursorCustomization/InfoSection.tsx:22:44
  15 |          (async ()=&gt;{
  16 |              try {
  17 |                  const { getVersion } = await import(&apos;@tauri-apps/api/app&apos;);
     |                                                         ^
  18 |                  const v = await getVersion();
  19 |                  setVersion(v);
 ❯ TransformPluginContext._formatLog node_modules/vite/dist/node/chunks/config.js:28998:43
 ❯ TransformPluginContext.error node_modules/vite/dist/node/chunks/config.js:28995:14
 ❯ normalizeUrl node_modules/vite/dist/node/chunks/config.js:27118:18
 ❯ node_modules/vite/dist/node/chunks/config.js:27176:32
 ❯ TransformPluginContext.transform node_modules/vite/dist/node/chunks/config.js:27144:4
 ❯ EnvironmentPluginContainer.transform node_modules/vite/dist/node/chunks/config.js:28796:14
 ❯ loadAndTransform node_modules/vite/dist/node/chunks/config.js:22669:26
            </failure>
        </testcase>
    </testsuite>
    <testsuite name="test/unit/memory-leak-detection.test.tsx" timestamp="2025-12-21T04:38:38.699Z" hostname="dave" tests="9" failures="0" errors="0" skipped="0" time="0.9359445">
        <testcase classname="test/unit/memory-leak-detection.test.tsx" name="Memory leak detection tests &gt; should not leak memory with repeated mount/unmount cycles" time="0.1707483">
        </testcase>
        <testcase classname="test/unit/memory-leak-detection.test.tsx" name="Memory leak detection tests &gt; should not leak memory with repeated timer operations" time="0.0657968">
        </testcase>
        <testcase classname="test/unit/memory-leak-detection.test.tsx" name="Memory leak detection tests &gt; should not leak memory with repeated event listener operations" time="0.1093428">
        </testcase>
        <testcase classname="test/unit/memory-leak-detection.test.tsx" name="Memory leak detection tests &gt; should not leak memory with repeated async operations" time="0.0728326">
        </testcase>
        <testcase classname="test/unit/memory-leak-detection.test.tsx" name="Memory leak detection tests &gt; should not leak memory with cancelled async operations" time="0.0533501">
        </testcase>
        <testcase classname="test/unit/memory-leak-detection.test.tsx" name="Memory leak detection tests &gt; should maintain stable memory with many timers" time="0.0026614">
        </testcase>
        <testcase classname="test/unit/memory-leak-detection.test.tsx" name="Memory leak detection tests &gt; should not leak with repeated promise cancellation" time="0.0319025">
        </testcase>
        <testcase classname="test/unit/memory-leak-detection.test.tsx" name="Memory leak detection tests &gt; should not leak memory when handling errors" time="0.3323723">
            <system-err>
[WARN] [useSafeAsync] Operation failed: Async operation failed Error: Test error 0
    at asyncFn (C:/Files/GitHub/cursor-changer/frontend-vite/test/unit/memory-leak-detection.test.tsx:205:19)
    at Object.safeAsync (C:/Files/GitHub/cursor-changer/frontend-vite/src/hooks/safe/useSafeAsync.ts:36:34)
    at C:/Files/GitHub/cursor-changer/frontend-vite/test/unit/memory-leak-detection.test.tsx:203:40
    at [90mfile:///C:/Files/GitHub/cursor-changer/frontend-vite/[39mnode_modules/[4m@vitest/runner[24m/dist/index.js:145:11
    at [90mfile:///C:/Files/GitHub/cursor-changer/frontend-vite/[39mnode_modules/[4m@vitest/runner[24m/dist/index.js:915:26
    at [90mfile:///C:/Files/GitHub/cursor-changer/frontend-vite/[39mnode_modules/[4m@vitest/runner[24m/dist/index.js:1240:20
    at new Promise (&lt;anonymous&gt;)
    at runWithTimeout [90m(file:///C:/Files/GitHub/cursor-changer/frontend-vite/[39mnode_modules/[4m@vitest/runner[24m/dist/index.js:1206:10[90m)[39m
    at [90mfile:///C:/Files/GitHub/cursor-changer/frontend-vite/[39mnode_modules/[4m@vitest/runner[24m/dist/index.js:1650:37
    at Traces.$ [90m(file:///C:/Files/GitHub/cursor-changer/frontend-vite/[39mnode_modules/[4mvitest[24m/dist/chunks/traces.U4xDYhzZ.js:115:27[90m)[39m
[WARN] [useSafeAsync] Operation failed: Async operation failed Error: Test error 1
    at asyncFn (C:/Files/GitHub/cursor-changer/frontend-vite/test/unit/memory-leak-detection.test.tsx:205:19)
    at Object.safeAsync (C:/Files/GitHub/cursor-changer/frontend-vite/src/hooks/safe/useSafeAsync.ts:36:34)
    at C:/Files/GitHub/cursor-changer/frontend-vite/test/unit/memory-leak-detection.test.tsx:203:40
    at [90mfile:///C:/Files/GitHub/cursor-changer/frontend-vite/[39mnode_modules/[4m@vitest/runner[24m/dist/index.js:145:11
    at [90mfile:///C:/Files/GitHub/cursor-changer/frontend-vite/[39mnode_modules/[4m@vitest/runner[24m/dist/index.js:915:26
    at [90mfile:///C:/Files/GitHub/cursor-changer/frontend-vite/[39mnode_modules/[4m@vitest/runner[24m/dist/index.js:1240:20
    at new Promise (&lt;anonymous&gt;)
    at runWithTimeout [90m(file:///C:/Files/GitHub/cursor-changer/frontend-vite/[39mnode_modules/[4m@vitest/runner[24m/dist/index.js:1206:10[90m)[39m
    at [90mfile:///C:/Files/GitHub/cursor-changer/frontend-vite/[39mnode_modules/[4m@vitest/runner[24m/dist/index.js:1650:37
    at Traces.$ [90m(file:///C:/Files/GitHub/cursor-changer/frontend-vite/[39mnode_modules/[4mvitest[24m/dist/chunks/traces.U4xDYhzZ.js:115:27[90m)[39m
[WARN] [useSafeAsync] Operation failed: Async operation failed Error: Test error 2
    at asyncFn (C:/Files/GitHub/cursor-changer/frontend-vite/test/unit/memory-leak-detection.test.tsx:205:19)
    at Object.safeAsync (C:/Files/GitHub/cursor-changer/frontend-vite/src/hooks/safe/useSafeAsync.ts:36:34)
    at C:/Files/GitHub/cursor-changer/frontend-vite/test/unit/memory-leak-detection.test.tsx:203:40
    at [90mfile:///C:/Files/GitHub/cursor-changer/frontend-vite/[39mnode_modules/[4m@vitest/runner[24m/dist/index.js:145:11
    at [90mfile:///C:/Files/GitHub/cursor-changer/frontend-vite/[39mnode_modules/[4m@vitest/runner[24m/dist/index.js:915:26
    at [90mfile:///C:/Files/GitHub/cursor-changer/frontend-vite/[39mnode_modules/[4m@vitest/runner[24m/dist/index.js:1240:20
    at new Promise (&lt;anonymous&gt;)
    at runWithTimeout [90m(file:///C:/Files/GitHub/cursor-changer/frontend-vite/[39mnode_modules/[4m@vitest/runner[24m/dist/index.js:1206:10[90m)[39m
    at [90mfile:///C:/Files/GitHub/cursor-changer/frontend-vite/[39mnode_modules/[4m@vitest/runner[24m/dist/index.js:1650:37
    at Traces.$ [90m(file:///C:/Files/GitHub/cursor-changer/frontend-vite/[39mnode_modules/[4mvitest[24m/dist/chunks/traces.U4xDYhzZ.js:115:27[90m)[39m
[WARN] [useSafeAsync] Operation failed: Async operation failed Error: Test error 3
    at asyncFn (C:/Files/GitHub/cursor-changer/frontend-vite/test/unit/memory-leak-detection.test.tsx:205:19)
    at Object.safeAsync (C:/Files/GitHub/cursor-changer/frontend-vite/src/hooks/safe/useSafeAsync.ts:36:34)
    at C:/Files/GitHub/cursor-changer/frontend-vite/test/unit/memory-leak-detection.test.tsx:203:40
    at [90mfile:///C:/Files/GitHub/cursor-changer/frontend-vite/[39mnode_modules/[4m@vitest/runner[24m/dist/index.js:145:11
    at [90mfile:///C:/Files/GitHub/cursor-changer/frontend-vite/[39mnode_modules/[4m@vitest/runner[24m/dist/index.js:915:26
    at [90mfile:///C:/Files/GitHub/cursor-changer/frontend-vite/[39mnode_modules/[4m@vitest/runner[24m/dist/index.js:1240:20
    at new Promise (&lt;anonymous&gt;)
    at runWithTimeout [90m(file:///C:/Files/GitHub/cursor-changer/frontend-vite/[39mnode_modules/[4m@vitest/runner[24m/dist/index.js:1206:10[90m)[39m
    at [90mfile:///C:/Files/GitHub/cursor-changer/frontend-vite/[39mnode_modules/[4m@vitest/runner[24m/dist/index.js:1650:37
    at Traces.$ [90m(file:///C:/Files/GitHub/cursor-changer/frontend-vite/[39mnode_modules/[4mvitest[24m/dist/chunks/traces.U4xDYhzZ.js:115:27[90m)[39m
[WARN] [useSafeAsync] Operation failed: Async operation failed Error: Test error 4
    at asyncFn (C:/Files/GitHub/cursor-changer/frontend-vite/test/unit/memory-leak-detection.test.tsx:205:19)
    at Object.safeAsync (C:/Files/GitHub/cursor-changer/frontend-vite/src/hooks/safe/useSafeAsync.ts:36:34)
    at C:/Files/GitHub/cursor-changer/frontend-vite/test/unit/memory-leak-detection.test.tsx:203:40
    at [90mfile:///C:/Files/GitHub/cursor-changer/frontend-vite/[39mnode_modules/[4m@vitest/runner[24m/dist/index.js:145:11
    at [90mfile:///C:/Files/GitHub/cursor-changer/frontend-vite/[39mnode_modules/[4m@vitest/runner[24m/dist/index.js:915:26
    at [90mfile:///C:/Files/GitHub/cursor-changer/frontend-vite/[39mnode_modules/[4m@vitest/runner[24m/dist/index.js:1240:20
    at new Promise (&lt;anonymous&gt;)
    at runWithTimeout [90m(file:///C:/Files/GitHub/cursor-changer/frontend-vite/[39mnode_modules/[4m@vitest/runner[24m/dist/index.js:1206:10[90m)[39m
    at [90mfile:///C:/Files/GitHub/cursor-changer/frontend-vite/[39mnode_modules/[4m@vitest/runner[24m/dist/index.js:1650:37
    at Traces.$ [90m(file:///C:/Files/GitHub/cursor-changer/frontend-vite/[39mnode_modules/[4mvitest[24m/dist/chunks/traces.U4xDYhzZ.js:115:27[90m)[39m
[WARN] [useSafeAsync] Operation failed: Async operation failed Error: Test error 5
    at asyncFn (C:/Files/GitHub/cursor-changer/frontend-vite/test/unit/memory-leak-detection.test.tsx:205:19)
    at Object.safeAsync (C:/Files/GitHub/cursor-changer/frontend-vite/src/hooks/safe/useSafeAsync.ts:36:34)
    at C:/Files/GitHub/cursor-changer/frontend-vite/test/unit/memory-leak-detection.test.tsx:203:40
    at [90mfile:///C:/Files/GitHub/cursor-changer/frontend-vite/[39mnode_modules/[4m@vitest/runner[24m/dist/index.js:145:11
    at [90mfile:///C:/Files/GitHub/cursor-changer/frontend-vite/[39mnode_modules/[4m@vitest/runner[24m/dist/index.js:915:26
    at [90mfile:///C:/Files/GitHub/cursor-changer/frontend-vite/[39mnode_modules/[4m@vitest/runner[24m/dist/index.js:1240:20
    at new Promise (&lt;anonymous&gt;)
    at runWithTimeout [90m(file:///C:/Files/GitHub/cursor-changer/frontend-vite/[39mnode_modules/[4m@vitest/runner[24m/dist/index.js:1206:10[90m)[39m
    at [90mfile:///C:/Files/GitHub/cursor-changer/frontend-vite/[39mnode_modules/[4m@vitest/runner[24m/dist/index.js:1650:37
    at Traces.$ [90m(file:///C:/Files/GitHub/cursor-changer/frontend-vite/[39mnode_modules/[4mvitest[24m/dist/chunks/traces.U4xDYhzZ.js:115:27[90m)[39m
[WARN] [useSafeAsync] Operation failed: Async operation failed Error: Test error 6
    at asyncFn (C:/Files/GitHub/cursor-changer/frontend-vite/test/unit/memory-leak-detection.test.tsx:205:19)
    at Object.safeAsync (C:/Files/GitHub/cursor-changer/frontend-vite/src/hooks/safe/useSafeAsync.ts:36:34)
    at C:/Files/GitHub/cursor-changer/frontend-vite/test/unit/memory-leak-detection.test.tsx:203:40
    at [90mfile:///C:/Files/GitHub/cursor-changer/frontend-vite/[39mnode_modules/[4m@vitest/runner[24m/dist/index.js:145:11
    at [90mfile:///C:/Files/GitHub/cursor-changer/frontend-vite/[39mnode_modules/[4m@vitest/runner[24m/dist/index.js:915:26
    at [90mfile:///C:/Files/GitHub/cursor-changer/frontend-vite/[39mnode_modules/[4m@vitest/runner[24m/dist/index.js:1240:20
    at new Promise (&lt;anonymous&gt;)
    at runWithTimeout [90m(file:///C:/Files/GitHub/cursor-changer/frontend-vite/[39mnode_modules/[4m@vitest/runner[24m/dist/index.js:1206:10[90m)[39m
    at [90mfile:///C:/Files/GitHub/cursor-changer/frontend-vite/[39mnode_modules/[4m@vitest/runner[24m/dist/index.js:1650:37
    at Traces.$ [90m(file:///C:/Files/GitHub/cursor-changer/frontend-vite/[39mnode_modules/[4mvitest[24m/dist/chunks/traces.U4xDYhzZ.js:115:27[90m)[39m
[WARN] [useSafeAsync] Operation failed: Async operation failed Error: Test error 7
    at asyncFn (C:/Files/GitHub/cursor-changer/frontend-vite/test/unit/memory-leak-detection.test.tsx:205:19)
    at Object.safeAsync (C:/Files/GitHub/cursor-changer/frontend-vite/src/hooks/safe/useSafeAsync.ts:36:34)
    at C:/Files/GitHub/cursor-changer/frontend-vite/test/unit/memory-leak-detection.test.tsx:203:40
    at [90mfile:///C:/Files/GitHub/cursor-changer/frontend-vite/[39mnode_modules/[4m@vitest/runner[24m/dist/index.js:145:11
    at [90mfile:///C:/Files/GitHub/cursor-changer/frontend-vite/[39mnode_modules/[4m@vitest/runner[24m/dist/index.js:915:26
    at [90mfile:///C:/Files/GitHub/cursor-changer/frontend-vite/[39mnode_modules/[4m@vitest/runner[24m/dist/index.js:1240:20
    at new Promise (&lt;anonymous&gt;)
    at runWithTimeout [90m(file:///C:/Files/GitHub/cursor-changer/frontend-vite/[39mnode_modules/[4m@vitest/runner[24m/dist/index.js:1206:10[90m)[39m
    at [90mfile:///C:/Files/GitHub/cursor-changer/frontend-vite/[39mnode_modules/[4m@vitest/runner[24m/dist/index.js:1650:37
    at Traces.$ [90m(file:///C:/Files/GitHub/cursor-changer/frontend-vite/[39mnode_modules/[4mvitest[24m/dist/chunks/traces.U4xDYhzZ.js:115:27[90m)[39m
[WARN] [useSafeAsync] Operation failed: Async operation failed Error: Test error 8
    at asyncFn (C:/Files/GitHub/cursor-changer/frontend-vite/test/unit/memory-leak-detection.test.tsx:205:19)
    at Object.safeAsync (C:/Files/GitHub/cursor-changer/frontend-vite/src/hooks/safe/useSafeAsync.ts:36:34)
    at C:/Files/GitHub/cursor-changer/frontend-vite/test/unit/memory-leak-detection.test.tsx:203:40
    at [90mfile:///C:/Files/GitHub/cursor-changer/frontend-vite/[39mnode_modules/[4m@vitest/runner[24m/dist/index.js:145:11
    at [90mfile:///C:/Files/GitHub/cursor-changer/frontend-vite/[39mnode_modules/[4m@vitest/runner[24m/dist/index.js:915:26
    at [90mfile:///C:/Files/GitHub/cursor-changer/frontend-vite/[39mnode_modules/[4m@vitest/runner[24m/dist/index.js:1240:20
    at new Promise (&lt;anonymous&gt;)
    at runWithTimeout [90m(file:///C:/Files/GitHub/cursor-changer/frontend-vite/[39mnode_modules/[4m@vitest/runner[24m/dist/index.js:1206:10[90m)[39m
    at [90mfile:///C:/Files/GitHub/cursor-changer/frontend-vite/[39mnode_modules/[4m@vitest/runner[24m/dist/index.js:1650:37
    at Traces.$ [90m(file:///C:/Files/GitHub/cursor-changer/frontend-vite/[39mnode_modules/[4mvitest[24m/dist/chunks/traces.U4xDYhzZ.js:115:27[90m)[39m
[WARN] [useSafeAsync] Operation failed: Async operation failed Error: Test error 9
    at asyncFn (C:/Files/GitHub/cursor-changer/frontend-vite/test/unit/memory-leak-detection.test.tsx:205:19)
    at Object.safeAsync (C:/Files/GitHub/cursor-changer/frontend-vite/src/hooks/safe/useSafeAsync.ts:36:34)
    at C:/Files/GitHub/cursor-changer/frontend-vite/test/unit/memory-leak-detection.test.tsx:203:40
    at [90mfile:///C:/Files/GitHub/cursor-changer/frontend-vite/[39mnode_modules/[4m@vitest/runner[24m/dist/index.js:145:11
    at [90mfile:///C:/Files/GitHub/cursor-changer/frontend-vite/[39mnode_modules/[4m@vitest/runner[24m/dist/index.js:915:26
    at [90mfile:///C:/Files/GitHub/cursor-changer/frontend-vite/[39mnode_modules/[4m@vitest/runner[24m/dist/index.js:1240:20
    at new Promise (&lt;anonymous&gt;)
    at runWithTimeout [90m(file:///C:/Files/GitHub/cursor-changer/frontend-vite/[39mnode_modules/[4m@vitest/runner[24m/dist/index.js:1206:10[90m)[39m
    at [90mfile:///C:/Files/GitHub/cursor-changer/frontend-vite/[39mnode_modules/[4m@vitest/runner[24m/dist/index.js:1650:37
    at Traces.$ [90m(file:///C:/Files/GitHub/cursor-changer/frontend-vite/[39mnode_modules/[4mvitest[24m/dist/chunks/traces.U4xDYhzZ.js:115:27[90m)[39m

[WARN] [useSafeAsync] Operation failed: Async operation failed Error: Test error 0
    at asyncFn (C:/Files/GitHub/cursor-changer/frontend-vite/test/unit/memory-leak-detection.test.tsx:205:19)
    at Object.safeAsync (C:/Files/GitHub/cursor-changer/frontend-vite/src/hooks/safe/useSafeAsync.ts:36:34)
    at C:/Files/GitHub/cursor-changer/frontend-vite/test/unit/memory-leak-detection.test.tsx:203:40
[90m    at processTicksAndRejections (node:internal/process/task_queues:105:5)[39m
    at [90mfile:///C:/Files/GitHub/cursor-changer/frontend-vite/[39mnode_modules/[4m@vitest/runner[24m/dist/index.js:915:20
[WARN] [useSafeAsync] Operation failed: Async operation failed Error: Test error 1
    at asyncFn (C:/Files/GitHub/cursor-changer/frontend-vite/test/unit/memory-leak-detection.test.tsx:205:19)
    at Object.safeAsync (C:/Files/GitHub/cursor-changer/frontend-vite/src/hooks/safe/useSafeAsync.ts:36:34)
    at C:/Files/GitHub/cursor-changer/frontend-vite/test/unit/memory-leak-detection.test.tsx:203:40
[90m    at processTicksAndRejections (node:internal/process/task_queues:105:5)[39m
    at [90mfile:///C:/Files/GitHub/cursor-changer/frontend-vite/[39mnode_modules/[4m@vitest/runner[24m/dist/index.js:915:20
[WARN] [useSafeAsync] Operation failed: Async operation failed Error: Test error 2
    at asyncFn (C:/Files/GitHub/cursor-changer/frontend-vite/test/unit/memory-leak-detection.test.tsx:205:19)
    at Object.safeAsync (C:/Files/GitHub/cursor-changer/frontend-vite/src/hooks/safe/useSafeAsync.ts:36:34)
    at C:/Files/GitHub/cursor-changer/frontend-vite/test/unit/memory-leak-detection.test.tsx:203:40
[90m    at processTicksAndRejections (node:internal/process/task_queues:105:5)[39m
    at [90mfile:///C:/Files/GitHub/cursor-changer/frontend-vite/[39mnode_modules/[4m@vitest/runner[24m/dist/index.js:915:20
[WARN] [useSafeAsync] Operation failed: Async operation failed Error: Test error 3
    at asyncFn (C:/Files/GitHub/cursor-changer/frontend-vite/test/unit/memory-leak-detection.test.tsx:205:19)
    at Object.safeAsync (C:/Files/GitHub/cursor-changer/frontend-vite/src/hooks/safe/useSafeAsync.ts:36:34)
    at C:/Files/GitHub/cursor-changer/frontend-vite/test/unit/memory-leak-detection.test.tsx:203:40
[90m    at processTicksAndRejections (node:internal/process/task_queues:105:5)[39m
    at [90mfile:///C:/Files/GitHub/cursor-changer/frontend-vite/[39mnode_modules/[4m@vitest/runner[24m/dist/index.js:915:20
[WARN] [useSafeAsync] Operation failed: Async operation failed Error: Test error 4
    at asyncFn (C:/Files/GitHub/cursor-changer/frontend-vite/test/unit/memory-leak-detection.test.tsx:205:19)
    at Object.safeAsync (C:/Files/GitHub/cursor-changer/frontend-vite/src/hooks/safe/useSafeAsync.ts:36:34)
    at C:/Files/GitHub/cursor-changer/frontend-vite/test/unit/memory-leak-detection.test.tsx:203:40
[90m    at processTicksAndRejections (node:internal/process/task_queues:105:5)[39m
    at [90mfile:///C:/Files/GitHub/cursor-changer/frontend-vite/[39mnode_modules/[4m@vitest/runner[24m/dist/index.js:915:20
[WARN] [useSafeAsync] Operation failed: Async operation failed Error: Test error 5
    at asyncFn (C:/Files/GitHub/cursor-changer/frontend-vite/test/unit/memory-leak-detection.test.tsx:205:19)
    at Object.safeAsync (C:/Files/GitHub/cursor-changer/frontend-vite/src/hooks/safe/useSafeAsync.ts:36:34)
    at C:/Files/GitHub/cursor-changer/frontend-vite/test/unit/memory-leak-detection.test.tsx:203:40
[90m    at processTicksAndRejections (node:internal/process/task_queues:105:5)[39m
    at [90mfile:///C:/Files/GitHub/cursor-changer/frontend-vite/[39mnode_modules/[4m@vitest/runner[24m/dist/index.js:915:20
[WARN] [useSafeAsync] Operation failed: Async operation failed Error: Test error 6
    at asyncFn (C:/Files/GitHub/cursor-changer/frontend-vite/test/unit/memory-leak-detection.test.tsx:205:19)
    at Object.safeAsync (C:/Files/GitHub/cursor-changer/frontend-vite/src/hooks/safe/useSafeAsync.ts:36:34)
    at C:/Files/GitHub/cursor-changer/frontend-vite/test/unit/memory-leak-detection.test.tsx:203:40
[90m    at processTicksAndRejections (node:internal/process/task_queues:105:5)[39m
    at [90mfile:///C:/Files/GitHub/cursor-changer/frontend-vite/[39mnode_modules/[4m@vitest/runner[24m/dist/index.js:915:20
[WARN] [useSafeAsync] Operation failed: Async operation failed Error: Test error 7
    at asyncFn (C:/Files/GitHub/cursor-changer/frontend-vite/test/unit/memory-leak-detection.test.tsx:205:19)
    at Object.safeAsync (C:/Files/GitHub/cursor-changer/frontend-vite/src/hooks/safe/useSafeAsync.ts:36:34)
    at C:/Files/GitHub/cursor-changer/frontend-vite/test/unit/memory-leak-detection.test.tsx:203:40
[90m    at processTicksAndRejections (node:internal/process/task_queues:105:5)[39m
    at [90mfile:///C:/Files/GitHub/cursor-changer/frontend-vite/[39mnode_modules/[4m@vitest/runner[24m/dist/index.js:915:20
[WARN] [useSafeAsync] Operation failed: Async operation failed Error: Test error 8
    at asyncFn (C:/Files/GitHub/cursor-changer/frontend-vite/test/unit/memory-leak-detection.test.tsx:205:19)
    at Object.safeAsync (C:/Files/GitHub/cursor-changer/frontend-vite/src/hooks/safe/useSafeAsync.ts:36:34)
    at C:/Files/GitHub/cursor-changer/frontend-vite/test/unit/memory-leak-detection.test.tsx:203:40
[90m    at processTicksAndRejections (node:internal/process/task_queues:105:5)[39m
    at [90mfile:///C:/Files/GitHub/cursor-changer/frontend-vite/[39mnode_modules/[4m@vitest/runner[24m/dist/index.js:915:20
[WARN] [useSafeAsync] Operation failed: Async operation failed Error: Test error 9
    at asyncFn (C:/Files/GitHub/cursor-changer/frontend-vite/test/unit/memory-leak-detection.test.tsx:205:19)
    at Object.safeAsync (C:/Files/GitHub/cursor-changer/frontend-vite/src/hooks/safe/useSafeAsync.ts:36:34)
    at C:/Files/GitHub/cursor-changer/frontend-vite/test/unit/memory-leak-detection.test.tsx:203:40
[90m    at processTicksAndRejections (node:internal/process/task_queues:105:5)[39m
    at [90mfile:///C:/Files/GitHub/cursor-changer/frontend-vite/[39mnode_modules/[4m@vitest/runner[24m/dist/index.js:915:20

[WARN] [useSafeAsync] Operation failed: Async operation failed Error: Test error 0
    at asyncFn (C:/Files/GitHub/cursor-changer/frontend-vite/test/unit/memory-leak-detection.test.tsx:205:19)
    at Object.safeAsync (C:/Files/GitHub/cursor-changer/frontend-vite/src/hooks/safe/useSafeAsync.ts:36:34)
    at C:/Files/GitHub/cursor-changer/frontend-vite/test/unit/memory-leak-detection.test.tsx:203:40
[90m    at processTicksAndRejections (node:internal/process/task_queues:105:5)[39m
    at [90mfile:///C:/Files/GitHub/cursor-changer/frontend-vite/[39mnode_modules/[4m@vitest/runner[24m/dist/index.js:915:20
[WARN] [useSafeAsync] Operation failed: Async operation failed Error: Test error 1
    at asyncFn (C:/Files/GitHub/cursor-changer/frontend-vite/test/unit/memory-leak-detection.test.tsx:205:19)
    at Object.safeAsync (C:/Files/GitHub/cursor-changer/frontend-vite/src/hooks/safe/useSafeAsync.ts:36:34)
    at C:/Files/GitHub/cursor-changer/frontend-vite/test/unit/memory-leak-detection.test.tsx:203:40
[90m    at processTicksAndRejections (node:internal/process/task_queues:105:5)[39m
    at [90mfile:///C:/Files/GitHub/cursor-changer/frontend-vite/[39mnode_modules/[4m@vitest/runner[24m/dist/index.js:915:20
[WARN] [useSafeAsync] Operation failed: Async operation failed Error: Test error 2
    at asyncFn (C:/Files/GitHub/cursor-changer/frontend-vite/test/unit/memory-leak-detection.test.tsx:205:19)
    at Object.safeAsync (C:/Files/GitHub/cursor-changer/frontend-vite/src/hooks/safe/useSafeAsync.ts:36:34)
    at C:/Files/GitHub/cursor-changer/frontend-vite/test/unit/memory-leak-detection.test.tsx:203:40
[90m    at processTicksAndRejections (node:internal/process/task_queues:105:5)[39m
    at [90mfile:///C:/Files/GitHub/cursor-changer/frontend-vite/[39mnode_modules/[4m@vitest/runner[24m/dist/index.js:915:20
[WARN] [useSafeAsync] Operation failed: Async operation failed Error: Test error 3
    at asyncFn (C:/Files/GitHub/cursor-changer/frontend-vite/test/unit/memory-leak-detection.test.tsx:205:19)
    at Object.safeAsync (C:/Files/GitHub/cursor-changer/frontend-vite/src/hooks/safe/useSafeAsync.ts:36:34)
    at C:/Files/GitHub/cursor-changer/frontend-vite/test/unit/memory-leak-detection.test.tsx:203:40
[90m    at processTicksAndRejections (node:internal/process/task_queues:105:5)[39m
    at [90mfile:///C:/Files/GitHub/cursor-changer/frontend-vite/[39mnode_modules/[4m@vitest/runner[24m/dist/index.js:915:20
[WARN] [useSafeAsync] Operation failed: Async operation failed Error: Test error 4
    at asyncFn (C:/Files/GitHub/cursor-changer/frontend-vite/test/unit/memory-leak-detection.test.tsx:205:19)
    at Object.safeAsync (C:/Files/GitHub/cursor-changer/frontend-vite/src/hooks/safe/useSafeAsync.ts:36:34)
    at C:/Files/GitHub/cursor-changer/frontend-vite/test/unit/memory-leak-detection.test.tsx:203:40
[90m    at processTicksAndRejections (node:internal/process/task_queues:105:5)[39m
    at [90mfile:///C:/Files/GitHub/cursor-changer/frontend-vite/[39mnode_modules/[4m@vitest/runner[24m/dist/index.js:915:20
[WARN] [useSafeAsync] Operation failed: Async operation failed Error: Test error 5
    at asyncFn (C:/Files/GitHub/cursor-changer/frontend-vite/test/unit/memory-leak-detection.test.tsx:205:19)
    at Object.safeAsync (C:/Files/GitHub/cursor-changer/frontend-vite/src/hooks/safe/useSafeAsync.ts:36:34)
    at C:/Files/GitHub/cursor-changer/frontend-vite/test/unit/memory-leak-detection.test.tsx:203:40
[90m    at processTicksAndRejections (node:internal/process/task_queues:105:5)[39m
    at [90mfile:///C:/Files/GitHub/cursor-changer/frontend-vite/[39mnode_modules/[4m@vitest/runner[24m/dist/index.js:915:20
[WARN] [useSafeAsync] Operation failed: Async operation failed Error: Test error 6
    at asyncFn (C:/Files/GitHub/cursor-changer/frontend-vite/test/unit/memory-leak-detection.test.tsx:205:19)
    at Object.safeAsync (C:/Files/GitHub/cursor-changer/frontend-vite/src/hooks/safe/useSafeAsync.ts:36:34)
    at C:/Files/GitHub/cursor-changer/frontend-vite/test/unit/memory-leak-detection.test.tsx:203:40
[90m    at processTicksAndRejections (node:internal/process/task_queues:105:5)[39m
    at [90mfile:///C:/Files/GitHub/cursor-changer/frontend-vite/[39mnode_modules/[4m@vitest/runner[24m/dist/index.js:915:20
[WARN] [useSafeAsync] Operation failed: Async operation failed Error: Test error 7
    at asyncFn (C:/Files/GitHub/cursor-changer/frontend-vite/test/unit/memory-leak-detection.test.tsx:205:19)
    at Object.safeAsync (C:/Files/GitHub/cursor-changer/frontend-vite/src/hooks/safe/useSafeAsync.ts:36:34)
    at C:/Files/GitHub/cursor-changer/frontend-vite/test/unit/memory-leak-detection.test.tsx:203:40
[90m    at processTicksAndRejections (node:internal/process/task_queues:105:5)[39m
    at [90mfile:///C:/Files/GitHub/cursor-changer/frontend-vite/[39mnode_modules/[4m@vitest/runner[24m/dist/index.js:915:20
[WARN] [useSafeAsync] Operation failed: Async operation failed Error: Test error 8
    at asyncFn (C:/Files/GitHub/cursor-changer/frontend-vite/test/unit/memory-leak-detection.test.tsx:205:19)
    at Object.safeAsync (C:/Files/GitHub/cursor-changer/frontend-vite/src/hooks/safe/useSafeAsync.ts:36:34)
    at C:/Files/GitHub/cursor-changer/frontend-vite/test/unit/memory-leak-detection.test.tsx:203:40
[90m    at processTicksAndRejections (node:internal/process/task_queues:105:5)[39m
    at [90mfile:///C:/Files/GitHub/cursor-changer/frontend-vite/[39mnode_modules/[4m@vitest/runner[24m/dist/index.js:915:20
[WARN] [useSafeAsync] Operation failed: Async operation failed Error: Test error 9
    at asyncFn (C:/Files/GitHub/cursor-changer/frontend-vite/test/unit/memory-leak-detection.test.tsx:205:19)
    at Object.safeAsync (C:/Files/GitHub/cursor-changer/frontend-vite/src/hooks/safe/useSafeAsync.ts:36:34)
    at C:/Files/GitHub/cursor-changer/frontend-vite/test/unit/memory-leak-detection.test.tsx:203:40
[90m    at processTicksAndRejections (node:internal/process/task_queues:105:5)[39m
    at [90mfile:///C:/Files/GitHub/cursor-changer/frontend-vite/[39mnode_modules/[4m@vitest/runner[24m/dist/index.js:915:20

[WARN] [useSafeAsync] Operation failed: Async operation failed Error: Test error 0
    at asyncFn (C:/Files/GitHub/cursor-changer/frontend-vite/test/unit/memory-leak-detection.test.tsx:205:19)
    at Object.safeAsync (C:/Files/GitHub/cursor-changer/frontend-vite/src/hooks/safe/useSafeAsync.ts:36:34)
    at C:/Files/GitHub/cursor-changer/frontend-vite/test/unit/memory-leak-detection.test.tsx:203:40
[90m    at processTicksAndRejections (node:internal/process/task_queues:105:5)[39m
    at [90mfile:///C:/Files/GitHub/cursor-changer/frontend-vite/[39mnode_modules/[4m@vitest/runner[24m/dist/index.js:915:20
[WARN] [useSafeAsync] Operation failed: Async operation failed Error: Test error 1
    at asyncFn (C:/Files/GitHub/cursor-changer/frontend-vite/test/unit/memory-leak-detection.test.tsx:205:19)
    at Object.safeAsync (C:/Files/GitHub/cursor-changer/frontend-vite/src/hooks/safe/useSafeAsync.ts:36:34)
    at C:/Files/GitHub/cursor-changer/frontend-vite/test/unit/memory-leak-detection.test.tsx:203:40
[90m    at processTicksAndRejections (node:internal/process/task_queues:105:5)[39m
    at [90mfile:///C:/Files/GitHub/cursor-changer/frontend-vite/[39mnode_modules/[4m@vitest/runner[24m/dist/index.js:915:20
[WARN] [useSafeAsync] Operation failed: Async operation failed Error: Test error 2
    at asyncFn (C:/Files/GitHub/cursor-changer/frontend-vite/test/unit/memory-leak-detection.test.tsx:205:19)
    at Object.safeAsync (C:/Files/GitHub/cursor-changer/frontend-vite/src/hooks/safe/useSafeAsync.ts:36:34)
    at C:/Files/GitHub/cursor-changer/frontend-vite/test/unit/memory-leak-detection.test.tsx:203:40
[90m    at processTicksAndRejections (node:internal/process/task_queues:105:5)[39m
    at [90mfile:///C:/Files/GitHub/cursor-changer/frontend-vite/[39mnode_modules/[4m@vitest/runner[24m/dist/index.js:915:20
[WARN] [useSafeAsync] Operation failed: Async operation failed Error: Test error 3
    at asyncFn (C:/Files/GitHub/cursor-changer/frontend-vite/test/unit/memory-leak-detection.test.tsx:205:19)
    at Object.safeAsync (C:/Files/GitHub/cursor-changer/frontend-vite/src/hooks/safe/useSafeAsync.ts:36:34)
    at C:/Files/GitHub/cursor-changer/frontend-vite/test/unit/memory-leak-detection.test.tsx:203:40
[90m    at processTicksAndRejections (node:internal/process/task_queues:105:5)[39m
    at [90mfile:///C:/Files/GitHub/cursor-changer/frontend-vite/[39mnode_modules/[4m@vitest/runner[24m/dist/index.js:915:20
[WARN] [useSafeAsync] Operation failed: Async operation failed Error: Test error 4
    at asyncFn (C:/Files/GitHub/cursor-changer/frontend-vite/test/unit/memory-leak-detection.test.tsx:205:19)
    at Object.safeAsync (C:/Files/GitHub/cursor-changer/frontend-vite/src/hooks/safe/useSafeAsync.ts:36:34)
    at C:/Files/GitHub/cursor-changer/frontend-vite/test/unit/memory-leak-detection.test.tsx:203:40
[90m    at processTicksAndRejections (node:internal/process/task_queues:105:5)[39m
    at [90mfile:///C:/Files/GitHub/cursor-changer/frontend-vite/[39mnode_modules/[4m@vitest/runner[24m/dist/index.js:915:20
[WARN] [useSafeAsync] Operation failed: Async operation failed Error: Test error 5
    at asyncFn (C:/Files/GitHub/cursor-changer/frontend-vite/test/unit/memory-leak-detection.test.tsx:205:19)
    at Object.safeAsync (C:/Files/GitHub/cursor-changer/frontend-vite/src/hooks/safe/useSafeAsync.ts:36:34)
    at C:/Files/GitHub/cursor-changer/frontend-vite/test/unit/memory-leak-detection.test.tsx:203:40
[90m    at processTicksAndRejections (node:internal/process/task_queues:105:5)[39m
    at [90mfile:///C:/Files/GitHub/cursor-changer/frontend-vite/[39mnode_modules/[4m@vitest/runner[24m/dist/index.js:915:20
[WARN] [useSafeAsync] Operation failed: Async operation failed Error: Test error 6
    at asyncFn (C:/Files/GitHub/cursor-changer/frontend-vite/test/unit/memory-leak-detection.test.tsx:205:19)
    at Object.safeAsync (C:/Files/GitHub/cursor-changer/frontend-vite/src/hooks/safe/useSafeAsync.ts:36:34)
[...]
        </testcase>
        <testcase classname="test/unit/components/CursorCustomization/BrowseModal.test.tsx" name="CursorCustomization/FileUpload/BrowseModal &gt; handles drag events and drop processing for supported files" time="0.0179805">
        </testcase>
        <testcase classname="test/unit/components/CursorCustomization/BrowseModal.test.tsx" name="CursorCustomization/FileUpload/BrowseModal &gt; supports keyboard accessibility (Enter triggers input, Escape closes)" time="0.0157904">
        </testcase>
    </testsuite>
    <testsuite name="test/unit/components/CursorCustomization/ModalManager.test.tsx" timestamp="2025-12-21T04:38:38.766Z" hostname="dave" tests="4" failures="0" errors="0" skipped="0" time="0.1055428">
        <testcase classname="test/unit/components/CursorCustomization/ModalManager.test.tsx" name="CursorCustomization/ModalManager &gt; does not render HotspotPicker when showClickPointPicker is false" time="0.0610215">
        </testcase>
        <testcase classname="test/unit/components/CursorCustomization/ModalManager.test.tsx" name="CursorCustomization/ModalManager &gt; renders HotspotPicker when enabled and file is present; onCancel clears state" time="0.0240095">
        </testcase>
        <testcase classname="test/unit/components/CursorCustomization/ModalManager.test.tsx" name="CursorCustomization/ModalManager &gt; onComplete clears state and schedules loadLibraryCursors" time="0.0103195">
        </testcase>
        <testcase classname="test/unit/components/CursorCustomization/ModalManager.test.tsx" name="CursorCustomization/ModalManager &gt; renders SettingsModal and closes it" time="0.007511">
        </testcase>
    </testsuite>
    <testsuite name="test/unit/components/CursorCustomization/useAniPreview.test.tsx" timestamp="2025-12-21T04:38:38.767Z" hostname="dave" tests="5" failures="0" errors="0" skipped="0" time="0.3046037">
        <testcase classname="test/unit/components/CursorCustomization/useAniPreview.test.tsx" name="CursorCustomization/AniPreview useAniPreview &gt; returns null data when filePath is null or not .ani" time="0.0515742">
        </testcase>
        <testcase classname="test/unit/components/CursorCustomization/useAniPreview.test.tsx" name="CursorCustomization/AniPreview useAniPreview &gt; uses cached ANI preview without invoking backend" time="0.0169344">
        </testcase>
        <testcase classname="test/unit/components/CursorCustomization/useAniPreview.test.tsx" name="CursorCustomization/AniPreview useAniPreview &gt; awaits a pending request when one exists" time="0.0736484">
        </testcase>
        <testcase classname="test/unit/components/CursorCustomization/useAniPreview.test.tsx" name="CursorCustomization/AniPreview useAniPreview &gt; invokes backend and caches result when not cached or pending" time="0.0786217">
        </testcase>
        <testcase classname="test/unit/components/CursorCustomization/useAniPreview.test.tsx" name="CursorCustomization/AniPreview useAniPreview &gt; sets error when backend fails" time="0.0806874">
        </testcase>
    </testsuite>
    <testsuite name="test/unit/components/CursorCustomization/useCursorSelection.test.ts" timestamp="2025-12-21T04:38:38.768Z" hostname="dave" tests="7" failures="0" errors="0" skipped="0" time="0.0689593">
        <testcase classname="test/unit/components/CursorCustomization/useCursorSelection.test.ts" name="useCursorSelection &gt; createHandleModeChange skips when the requested mode equals current mode" time="0.0216988">
        </testcase>
        <testcase classname="test/unit/components/CursorCustomization/useCursorSelection.test.ts" name="useCursorSelection &gt; createHandleModeChange switches modes and reloads available cursors" time="0.0223708">
        </testcase>
        <testcase classname="test/unit/components/CursorCustomization/useCursorSelection.test.ts" name="useCursorSelection &gt; createHandleModeChange handles invoke errors without changing mode" time="0.0038374">
        </testcase>
        <testcase classname="test/unit/components/CursorCustomization/useCursorSelection.test.ts" name="useCursorSelection &gt; handleSelectFromLibrary sets pending + selected cursor, and clears when null" time="0.0038136">
        </testcase>
        <testcase classname="test/unit/components/CursorCustomization/useCursorSelection.test.ts" name="useCursorSelection &gt; handleApplyPendingCursor applies the library cursor, reloads, and exits reverse-selection mode" time="0.007191">
        </testcase>
        <testcase classname="test/unit/components/CursorCustomization/useCursorSelection.test.ts" name="useCursorSelection &gt; handleApplyPendingCursor shows an error and keeps pending selection on failure" time="0.0042194">
        </testcase>
        <testcase classname="test/unit/components/CursorCustomization/useCursorSelection.test.ts" name="useCursorSelection &gt; cancelBrowseMode clears selection state and exits browse mode" time="0.0029957">
        </testcase>
    </testsuite>
    <testsuite name="test/unit/components/CursorCustomization/useFileUpload.test.tsx" timestamp="2025-12-21T04:38:38.770Z" hostname="dave" tests="8" failures="0" errors="0" skipped="0" time="0.0928645">
        <testcase classname="test/unit/components/CursorCustomization/useFileUpload.test.tsx" name="CursorCustomization/FileUpload/useFileUpload &gt; openBrowseModal and closeBrowseModal toggle showBrowseModal" time="0.0337391">
        </testcase>
        <testcase classname="test/unit/components/CursorCustomization/useFileUpload.test.tsx" name="CursorCustomization/FileUpload/useFileUpload &gt; handleFileSelect uploads .cur/.ani via addUploadedCursorToLibrary and refreshes library" time="0.0150011">
        </testcase>
        <testcase classname="test/unit/components/CursorCustomization/useFileUpload.test.tsx" name="CursorCustomization/FileUpload/useFileUpload &gt; handleFileSelect closes modal after successful cursor upload even when refresh fails" time="0.0082877">
        </testcase>
        <testcase classname="test/unit/components/CursorCustomization/useFileUpload.test.tsx" name="CursorCustomization/FileUpload/useFileUpload &gt; handleFileSelect sets clickPointFile and returns type=image for supported image files" time="0.0045071">
        </testcase>
        <testcase classname="test/unit/components/CursorCustomization/useFileUpload.test.tsx" name="CursorCustomization/FileUpload/useFileUpload &gt; handleFileSelect shows error message for unsupported file types" time="0.0044174">
        </testcase>
        <testcase classname="test/unit/components/CursorCustomization/useFileUpload.test.tsx" name="CursorCustomization/FileUpload/useFileUpload &gt; handleFileSelect handles backend failure by logging and showing error toast" time="0.0138941">
        </testcase>
        <testcase classname="test/unit/components/CursorCustomization/useFileUpload.test.tsx" name="CursorCustomization/FileUpload/useFileUpload &gt; clearClickPointFile resets both clickPointFile and clickPointFilePath" time="0.003965">
        </testcase>
        <testcase classname="test/unit/components/CursorCustomization/useFileUpload.test.tsx" name="CursorCustomization/FileUpload/useFileUpload &gt; handleFileSelect exits early when no files are provided" time="0.0062958">
        </testcase>
    </testsuite>
    <testsuite name="test/unit/components/CursorCustomization/useLibrary.test.ts" timestamp="2025-12-21T04:38:38.772Z" hostname="dave" tests="3" failures="0" errors="0" skipped="0" time="0.0642567">
        <testcase classname="test/unit/components/CursorCustomization/useLibrary.test.ts" name="useLibrary &gt; applyLibraryToSelected shows error when no target cursor name is provided" time="0.0322422">
        </testcase>
        <testcase classname="test/unit/components/CursorCustomization/useLibrary.test.ts" name="useLibrary &gt; handleDragEnd reorders library locally and persists new order" time="0.0229415">
        </testcase>
        <testcase classname="test/unit/components/CursorCustomization/useLibrary.test.ts" name="useLibrary &gt; handleDragEnd applies library cursor when dropped onto a slot and refreshes data" time="0.005908">
        </testcase>
    </testsuite>
    <testsuite name="test/unit/components/CursorCustomization/usePreview.test.ts" timestamp="2025-12-21T04:38:38.772Z" hostname="dave" tests="3" failures="0" errors="0" skipped="0" time="0.0925119">
        <testcase classname="test/unit/components/CursorCustomization/usePreview.test.ts" name="usePreview hook &gt; loads preview image for selected cursor and toggles loading state" time="0.0654036">
        </testcase>
        <testcase classname="test/unit/components/CursorCustomization/usePreview.test.ts" name="usePreview hook &gt; falls back to null preview when image path missing or load fails" time="0.0142287">
        </testcase>
        <testcase classname="test/unit/components/CursorCustomization/usePreview.test.ts" name="usePreview hook &gt; handles ESC key to cancel selection and exposes clearSelection helper" time="0.0094782">
        </testcase>
    </testsuite>
    <testsuite name="test/unit/components/HotspotPicker/ResizeHandle.test.tsx" timestamp="2025-12-21T04:38:38.773Z" hostname="dave" tests="1" failures="0" errors="0" skipped="0" time="0.0995808">
        <testcase classname="test/unit/components/HotspotPicker/ResizeHandle.test.tsx" name="HotspotPicker/ResizeHandle &gt; calls onMouseDown with corner and updates scale on hover" time="0.0972982">
        </testcase>
    </testsuite>
    <testsuite name="test/unit/components/HotspotPicker/useHotspotLogic.test.tsx" timestamp="2025-12-21T04:38:38.773Z" hostname="dave" tests="7" failures="0" errors="0" skipped="0" time="0.2324294">
        <testcase classname="test/unit/components/HotspotPicker/useHotspotLogic.test.tsx" name="HotspotPicker/useHotspotLogic &gt; creates and revokes object URL for uploaded file" time="0.042387">
        </testcase>
        <testcase classname="test/unit/components/HotspotPicker/useHotspotLogic.test.tsx" name="HotspotPicker/useHotspotLogic &gt; loads cursor info when editing existing cursor (filePath) and sets hotspot + target size" time="0.0629624">
        </testcase>
        <testcase classname="test/unit/components/HotspotPicker/useHotspotLogic.test.tsx" name="HotspotPicker/useHotspotLogic &gt; surfaces error via showMessage when loading cursor info fails" time="0.0804021">
        </testcase>
        <testcase classname="test/unit/components/HotspotPicker/useHotspotLogic.test.tsx" name="HotspotPicker/useHotspotLogic &gt; resets hotspot to (0,0) when targetSize changes in create mode" time="0.0092102">
        </testcase>
        <testcase classname="test/unit/components/HotspotPicker/useHotspotLogic.test.tsx" name="HotspotPicker/useHotspotLogic &gt; updates hotspot with arrow keys when not busy and clamps to bounds" time="0.0281904">
        </testcase>
        <testcase classname="test/unit/components/HotspotPicker/useHotspotLogic.test.tsx" name="HotspotPicker/useHotspotLogic &gt; handlePick maps click position into hotspot coordinates" time="0.0031331">
        </testcase>
        <testcase classname="test/unit/components/HotspotPicker/useHotspotLogic.test.tsx" name="HotspotPicker/useHotspotLogic &gt; startHoldAction executes immediately and stopHoldAction cancels animation frame" time="0.0032403">
        </testcase>
    </testsuite>
    <testsuite name="test/unit/components/ui/ButtonGroup.test.tsx" timestamp="2025-12-21T04:38:38.774Z" hostname="dave" tests="1" failures="0" errors="0" skipped="0" time="0.4219234">
        <testcase classname="test/unit/components/ui/ButtonGroup.test.tsx" name="components/ui/button-group &gt; renders children and applies group role" time="0.4197575">
        </testcase>
    </testsuite>
    <testsuite name="test/unit/components/ui/DebugCard.test.tsx" timestamp="2025-12-21T04:38:38.775Z" hostname="dave" tests="1" failures="0" errors="0" skipped="0" time="0.0784538">
        <testcase classname="test/unit/components/ui/DebugCard.test.tsx" name="components/ui/debug-card &gt; renders DebugCard wrapper" time="0.0763184">
        </testcase>
    </testsuite>
    <testsuite name="test/unit/components/ui/radix-wrappers.test.tsx" timestamp="2025-12-21T04:38:38.775Z" hostname="dave" tests="1" failures="0" errors="0" skipped="0" time="0.2751156">
        <testcase classname="test/unit/components/ui/radix-wrappers.test.tsx" name="components/ui Radix wrapper modules &gt; exports and renders wrapper components" time="0.2729765">
        </testcase>
    </testsuite>
    <testsuite name="test/unit/components/ui/safe-card.test.tsx" timestamp="2025-12-21T04:38:38.775Z" hostname="dave" tests="1" failures="0" errors="0" skipped="0" time="0.089888">
        <testcase classname="test/unit/components/ui/safe-card.test.tsx" name="components/ui/safe-card &gt; renders SafeCard and subcomponents" time="0.0878688">
        </testcase>
    </testsuite>
    <testsuite name="test/unit/components/ui/Toast.test.tsx" timestamp="2025-12-21T04:38:38.775Z" hostname="dave" tests="3" failures="0" errors="0" skipped="0" time="0.435274">
        <testcase classname="test/unit/components/ui/Toast.test.tsx" name="components/ui/Toast (legacy) &gt; auto-closes after duration &gt; 0 and calls onClose when provided" time="0.1197993">
        </testcase>
        <testcase classname="test/unit/components/ui/Toast.test.tsx" name="components/ui/Toast (legacy) &gt; close button calls onClose when provided" time="0.228986">
        </testcase>
        <testcase classname="test/unit/components/ui/Toast.test.tsx" name="components/ui/Toast (legacy) &gt; renders distinct icons by type" time="0.0842008">
        </testcase>
    </testsuite>
    <testsuite name="test/unit/components/HotspotPicker/hooks/useCursorFileHandler.test.ts" timestamp="2025-12-21T04:38:38.776Z" hostname="dave" tests="5" failures="0" errors="0" skipped="0" time="0.0869011">
        <testcase classname="test/unit/components/HotspotPicker/hooks/useCursorFileHandler.test.ts" name="HotspotPicker/hooks/useCursorFileHandler &gt; handleConfirm (new file) normalizes offsets using overlay rect and calls backend add command" time="0.0311049">
        </testcase>
        <testcase classname="test/unit/components/HotspotPicker/hooks/useCursorFileHandler.test.ts" name="HotspotPicker/hooks/useCursorFileHandler &gt; handleConfirm (existing filePath) shows error when itemId is missing" time="0.0101901">
        </testcase>
        <testcase classname="test/unit/components/HotspotPicker/hooks/useCursorFileHandler.test.ts" name="HotspotPicker/hooks/useCursorFileHandler &gt; handleDelete removes a library cursor and refreshes list" time="0.004568">
        </testcase>
        <testcase classname="test/unit/components/HotspotPicker/hooks/useCursorFileHandler.test.ts" name="HotspotPicker/hooks/useCursorFileHandler &gt; handleRemoveBackground shows error when unsupported" time="0.0033631">
        </testcase>
        <testcase classname="test/unit/components/HotspotPicker/hooks/useCursorFileHandler.test.ts" name="HotspotPicker/hooks/useCursorFileHandler &gt; handleRemoveBackground processes image and updates object URL" time="0.0349449">
        </testcase>
    </testsuite>
    <testsuite name="test/unit/components/HotspotPicker/hooks/useDragPan.test.ts" timestamp="2025-12-21T04:38:38.777Z" hostname="dave" tests="3" failures="0" errors="0" skipped="0" time="0.0743809">
        <testcase classname="test/unit/components/HotspotPicker/hooks/useDragPan.test.ts" name="HotspotPicker/hooks/useDragPan &gt; does nothing when disabled" time="0.0208532">
        </testcase>
        <testcase classname="test/unit/components/HotspotPicker/hooks/useDragPan.test.ts" name="HotspotPicker/hooks/useDragPan &gt; calls onDrag with scaled deltas while dragging inside element" time="0.0094058">
        </testcase>
        <testcase classname="test/unit/components/HotspotPicker/hooks/useDragPan.test.ts" name="HotspotPicker/hooks/useDragPan &gt; continues tracking globally after mouse leaves until mouseup" time="0.041829">
        </testcase>
    </testsuite>
    <testsuite name="test/unit/components/HotspotPicker/hooks/useHotspotDrag.test.ts" timestamp="2025-12-21T04:38:38.778Z" hostname="dave" tests="3" failures="0" errors="0" skipped="0" time="0.0482188">
        <testcase classname="test/unit/components/HotspotPicker/hooks/useHotspotDrag.test.ts" name="useHotspotDrag &gt; sets hotspot on mouse down and clamps values within bounds" time="0.0295373">
        </testcase>
        <testcase classname="test/unit/components/HotspotPicker/hooks/useHotspotDrag.test.ts" name="useHotspotDrag &gt; updates hotspot based on document mousemove and stops after mouseup" time="0.0107227">
        </testcase>
        <testcase classname="test/unit/components/HotspotPicker/hooks/useHotspotDrag.test.ts" name="useHotspotDrag &gt; ignores events when disabled and resumes when mouse re-enters with button down" time="0.0059302">
        </testcase>
    </testsuite>
    <testsuite name="test/unit/components/HotspotPicker/hooks/useImageScaler.test.tsx" timestamp="2025-12-21T04:38:38.779Z" hostname="dave" tests="3" failures="0" errors="0" skipped="0" time="0.0257584">
        <testcase classname="test/unit/components/HotspotPicker/hooks/useImageScaler.test.tsx" name="HotspotPicker/hooks/useImageScaler &gt; calculateFitScale returns 1 when image is missing" time="0.0177736">
        </testcase>
        <testcase classname="test/unit/components/HotspotPicker/hooks/useImageScaler.test.tsx" name="HotspotPicker/hooks/useImageScaler &gt; calculateFitScale fits to canvas without upscaling" time="0.0026365">
        </testcase>
        <testcase classname="test/unit/components/HotspotPicker/hooks/useImageScaler.test.tsx" name="HotspotPicker/hooks/useImageScaler &gt; calculateFitScale scales down based on the limiting dimension" time="0.0031958">
        </testcase>
    </testsuite>
    <testsuite name="test/unit/components/ui/toast/ToastComponent.test.tsx" timestamp="2025-12-21T04:38:38.780Z" hostname="dave" tests="3" failures="0" errors="0" skipped="0" time="0.3209881">
        <testcase classname="test/unit/components/ui/toast/ToastComponent.test.tsx" name="components/ui/toast/ToastComponent &gt; renders text and calls onRemove when close button is clicked" time="0.2546324">
        </testcase>
        <testcase classname="test/unit/components/ui/toast/ToastComponent.test.tsx" name="components/ui/toast/ToastComponent &gt; applies styles for error toasts" time="0.0380608">
        </testcase>
        <testcase classname="test/unit/components/ui/toast/ToastComponent.test.tsx" name="components/ui/toast/ToastComponent &gt; falls back to info styles for unknown types" time="0.0259336">
        </testcase>
    </testsuite>
    <testsuite name="test/unit/components/ui/toast/ToastContainer.test.tsx" timestamp="2025-12-21T04:38:38.780Z" hostname="dave" tests="2" failures="0" errors="0" skipped="0" time="0.0804217">
        <testcase classname="test/unit/components/ui/toast/ToastContainer.test.tsx" name="components/ui/toast/ToastContainer &gt; returns null when there are no toasts" time="0.054552">
        </testcase>
        <testcase classname="test/unit/components/ui/toast/ToastContainer.test.tsx" name="components/ui/toast/ToastContainer &gt; renders toasts and applies position classes" time="0.0238206">
        </testcase>
    </testsuite>
    <testsuite name="test/unit/components/ui/icons/icons.test.tsx" timestamp="2025-12-21T04:38:38.781Z" hostname="dave" tests="1" failures="0" errors="0" skipped="0" time="0.0605761">
        <testcase classname="test/unit/components/ui/icons/icons.test.tsx" name="components/ui/icons &gt; renders per-type icons and ToastIcon routes correctly" time="0.059237">
        </testcase>
    </testsuite>
</testsuites>
